<?xml version="1.0" encoding="UTF-8"?>
<coverage generated="1559985877941" clover="3.2.0">
  <project timestamp="1559985877942" name="All files">
    <metrics statements="479" coveredstatements="344" conditionals="307" coveredconditionals="173" methods="191" coveredmethods="107" elements="977" coveredelements="624" complexity="0" loc="479" ncloc="479" packages="22" files="33" classes="33">
      <package name="actions">
        <metrics statements="53" coveredstatements="25" conditionals="12" coveredconditionals="4" methods="28" coveredmethods="11"/>
        <file name="adminActions.js" path="/Users/brucemakallan/Desktop/programming/clients/ugandaswimming/usf/src/actions/adminActions.js">
          <metrics statements="8" coveredstatements="1" conditionals="0" coveredconditionals="0" methods="4" coveredmethods="0"/>
          <line num="5" count="2" type="stmt"/>
          <line num="6" count="0" type="stmt"/>
          <line num="7" count="0" type="stmt"/>
          <line num="9" count="0" type="stmt"/>
          <line num="10" count="0" type="stmt"/>
          <line num="11" count="0" type="stmt"/>
          <line num="14" count="0" type="stmt"/>
          <line num="15" count="0" type="stmt"/>
        </file>
        <file name="index.js" path="/Users/brucemakallan/Desktop/programming/clients/ugandaswimming/usf/src/actions/index.js">
          <metrics statements="8" coveredstatements="5" conditionals="10" coveredconditionals="4" methods="4" coveredmethods="3"/>
          <line num="3" count="10" type="stmt"/>
          <line num="13" count="10" type="stmt"/>
          <line num="18" count="10" type="stmt"/>
          <line num="23" count="10" type="stmt"/>
          <line num="28" count="10" type="stmt"/>
          <line num="29" count="0" type="cond" truecount="0" falsecount="6"/>
          <line num="30" count="0" type="stmt"/>
          <line num="31" count="0" type="stmt"/>
        </file>
        <file name="productsActions.js" path="/Users/brucemakallan/Desktop/programming/clients/ugandaswimming/usf/src/actions/productsActions.js">
          <metrics statements="37" coveredstatements="19" conditionals="2" coveredconditionals="0" methods="20" coveredmethods="8"/>
          <line num="5" count="6" type="stmt"/>
          <line num="9" count="6" type="stmt"/>
          <line num="13" count="6" type="stmt"/>
          <line num="18" count="6" type="stmt"/>
          <line num="24" count="6" type="stmt"/>
          <line num="25" count="0" type="stmt"/>
          <line num="26" count="0" type="stmt"/>
          <line num="29" count="6" type="stmt"/>
          <line num="30" count="4" type="stmt"/>
          <line num="31" count="4" type="stmt"/>
          <line num="33" count="0" type="stmt"/>
          <line num="34" count="0" type="stmt"/>
          <line num="37" count="0" type="stmt"/>
          <line num="38" count="0" type="stmt"/>
          <line num="42" count="6" type="stmt"/>
          <line num="43" count="3" type="stmt"/>
          <line num="44" count="3" type="stmt"/>
          <line num="45" count="3" type="stmt"/>
          <line num="46" count="3" type="stmt"/>
          <line num="48" count="0" type="stmt"/>
          <line num="49" count="0" type="stmt"/>
          <line num="50" count="0" type="cond" truecount="0" falsecount="2"/>
          <line num="53" count="0" type="stmt"/>
          <line num="54" count="0" type="stmt"/>
          <line num="58" count="6" type="stmt"/>
          <line num="59" count="2" type="stmt"/>
          <line num="60" count="2" type="stmt"/>
          <line num="61" count="2" type="stmt"/>
          <line num="62" count="2" type="stmt"/>
          <line num="64" count="0" type="stmt"/>
          <line num="65" count="0" type="stmt"/>
          <line num="66" count="0" type="stmt"/>
          <line num="69" count="0" type="stmt"/>
          <line num="70" count="0" type="stmt"/>
          <line num="74" count="6" type="stmt"/>
          <line num="75" count="0" type="stmt"/>
          <line num="76" count="0" type="stmt"/>
        </file>
      </package>
      <package name="components.Admin">
        <metrics statements="4" coveredstatements="3" conditionals="3" coveredconditionals="0" methods="1" coveredmethods="0"/>
        <file name="index.jsx" path="/Users/brucemakallan/Desktop/programming/clients/ugandaswimming/usf/src/components/Admin/index.jsx">
          <metrics statements="4" coveredstatements="3" conditionals="3" coveredconditionals="0" methods="1" coveredmethods="0"/>
          <line num="5" count="2" type="stmt"/>
          <line num="8" count="0" type="stmt"/>
          <line num="55" count="2" type="stmt"/>
          <line num="62" count="2" type="stmt"/>
        </file>
      </package>
      <package name="components.ArticleCard">
        <metrics statements="7" coveredstatements="2" conditionals="38" coveredconditionals="0" methods="4" coveredmethods="0"/>
        <file name="index.jsx" path="/Users/brucemakallan/Desktop/programming/clients/ugandaswimming/usf/src/components/ArticleCard/index.jsx">
          <metrics statements="7" coveredstatements="2" conditionals="38" coveredconditionals="0" methods="4" coveredmethods="0"/>
          <line num="18" count="1" type="stmt"/>
          <line num="27" count="0" type="cond" truecount="0" falsecount="3"/>
          <line num="43" count="0" type="stmt"/>
          <line num="45" count="0" type="stmt"/>
          <line num="63" count="0" type="stmt"/>
          <line num="116" count="0" type="stmt"/>
          <line num="147" count="1" type="stmt"/>
        </file>
      </package>
      <package name="components.Carousel">
        <metrics statements="7" coveredstatements="7" conditionals="7" coveredconditionals="4" methods="4" coveredmethods="4"/>
        <file name="index.js" path="/Users/brucemakallan/Desktop/programming/clients/ugandaswimming/usf/src/components/Carousel/index.js">
          <metrics statements="7" coveredstatements="7" conditionals="7" coveredconditionals="4" methods="4" coveredmethods="4"/>
          <line num="4" count="11" type="stmt"/>
          <line num="6" count="4" type="stmt"/>
          <line num="7" count="3" type="stmt"/>
          <line num="10" count="2" type="stmt"/>
          <line num="21" count="2" type="cond" truecount="1" falsecount="1"/>
          <line num="43" count="4" type="stmt"/>
          <line num="49" count="4" type="stmt"/>
        </file>
      </package>
      <package name="components.Dasboard">
        <metrics statements="3" coveredstatements="3" conditionals="0" coveredconditionals="0" methods="1" coveredmethods="1"/>
        <file name="index.js" path="/Users/brucemakallan/Desktop/programming/clients/ugandaswimming/usf/src/components/Dasboard/index.js">
          <metrics statements="3" coveredstatements="3" conditionals="0" coveredconditionals="0" methods="1" coveredmethods="1"/>
          <line num="19" count="2" type="stmt"/>
          <line num="21" count="2" type="stmt"/>
          <line num="22" count="2" type="stmt"/>
        </file>
      </package>
      <package name="components.DashboardHome">
        <metrics statements="2" coveredstatements="2" conditionals="0" coveredconditionals="0" methods="1" coveredmethods="1"/>
        <file name="index.js" path="/Users/brucemakallan/Desktop/programming/clients/ugandaswimming/usf/src/components/DashboardHome/index.js">
          <metrics statements="2" coveredstatements="2" conditionals="0" coveredconditionals="0" methods="1" coveredmethods="1"/>
          <line num="3" count="3" type="stmt"/>
          <line num="4" count="1" type="stmt"/>
        </file>
      </package>
      <package name="components.EventCard">
        <metrics statements="7" coveredstatements="4" conditionals="7" coveredconditionals="0" methods="3" coveredmethods="0"/>
        <file name="index.jsx" path="/Users/brucemakallan/Desktop/programming/clients/ugandaswimming/usf/src/components/EventCard/index.jsx">
          <metrics statements="7" coveredstatements="4" conditionals="7" coveredconditionals="0" methods="3" coveredmethods="0"/>
          <line num="11" count="1" type="stmt"/>
          <line num="13" count="1" type="stmt"/>
          <line num="14" count="0" type="cond" truecount="0" falsecount="3"/>
          <line num="28" count="1" type="stmt"/>
          <line num="29" count="0" type="stmt"/>
          <line num="30" count="0" type="cond" truecount="0" falsecount="2"/>
          <line num="49" count="1" type="stmt"/>
        </file>
      </package>
      <package name="components.FeaturedPhotos">
        <metrics statements="13" coveredstatements="3" conditionals="2" coveredconditionals="0" methods="5" coveredmethods="0"/>
        <file name="index.jsx" path="/Users/brucemakallan/Desktop/programming/clients/ugandaswimming/usf/src/components/FeaturedPhotos/index.jsx">
          <metrics statements="13" coveredstatements="3" conditionals="2" coveredconditionals="0" methods="5" coveredmethods="0"/>
          <line num="5" count="1" type="stmt"/>
          <line num="6" count="1" type="stmt"/>
          <line num="10" count="0" type="stmt"/>
          <line num="11" count="0" type="stmt"/>
          <line num="14" count="0" type="stmt"/>
          <line num="16" count="0" type="stmt"/>
          <line num="27" count="0" type="stmt"/>
          <line num="28" count="0" type="stmt"/>
          <line num="29" count="0" type="stmt"/>
          <line num="30" count="0" type="stmt"/>
          <line num="31" count="0" type="cond" truecount="0" falsecount="2"/>
          <line num="33" count="0" type="stmt"/>
          <line num="41" count="1" type="stmt"/>
        </file>
      </package>
      <package name="components.FeaturedVideos">
        <metrics statements="8" coveredstatements="2" conditionals="6" coveredconditionals="0" methods="3" coveredmethods="0"/>
        <file name="index.jsx" path="/Users/brucemakallan/Desktop/programming/clients/ugandaswimming/usf/src/components/FeaturedVideos/index.jsx">
          <metrics statements="8" coveredstatements="2" conditionals="6" coveredconditionals="0" methods="3" coveredmethods="0"/>
          <line num="7" count="1" type="stmt"/>
          <line num="8" count="0" type="stmt"/>
          <line num="9" count="0" type="stmt"/>
          <line num="10" count="0" type="stmt"/>
          <line num="11" count="0" type="cond" truecount="0" falsecount="2"/>
          <line num="13" count="0" type="stmt"/>
          <line num="16" count="0" type="stmt"/>
          <line num="32" count="1" type="stmt"/>
        </file>
      </package>
      <package name="components.Home">
        <metrics statements="18" coveredstatements="10" conditionals="32" coveredconditionals="9" methods="9" coveredmethods="1"/>
        <file name="index.js" path="/Users/brucemakallan/Desktop/programming/clients/ugandaswimming/usf/src/components/Home/index.js">
          <metrics statements="18" coveredstatements="10" conditionals="32" coveredconditionals="9" methods="9" coveredmethods="1"/>
          <line num="15" count="1" type="stmt"/>
          <line num="17" count="1" type="stmt"/>
          <line num="21" count="1" type="stmt"/>
          <line num="25" count="1" type="stmt"/>
          <line num="26" count="0" type="cond" truecount="0" falsecount="6"/>
          <line num="32" count="0" type="stmt"/>
          <line num="50" count="1" type="stmt"/>
          <line num="51" count="0" type="cond" truecount="0" falsecount="6"/>
          <line num="58" count="0" type="stmt"/>
          <line num="83" count="0" type="stmt"/>
          <line num="84" count="0" type="stmt"/>
          <line num="85" count="0" type="stmt"/>
          <line num="103" count="1" type="stmt"/>
          <line num="104" count="1" type="stmt"/>
          <line num="105" count="1" type="stmt"/>
          <line num="107" count="1" type="stmt"/>
          <line num="119" count="0" type="stmt"/>
          <line num="215" count="1" type="stmt"/>
        </file>
      </package>
      <package name="components.Modal">
        <metrics statements="6" coveredstatements="5" conditionals="0" coveredconditionals="0" methods="2" coveredmethods="1"/>
        <file name="index.js" path="/Users/brucemakallan/Desktop/programming/clients/ugandaswimming/usf/src/components/Modal/index.js">
          <metrics statements="6" coveredstatements="5" conditionals="0" coveredconditionals="0" methods="2" coveredmethods="1"/>
          <line num="8" count="4" type="stmt"/>
          <line num="10" count="4" type="stmt"/>
          <line num="21" count="4" type="stmt"/>
          <line num="24" count="2" type="stmt"/>
          <line num="43" count="0" type="stmt"/>
          <line num="49" count="4" type="stmt"/>
        </file>
      </package>
      <package name="components.NavBar">
        <metrics statements="10" coveredstatements="9" conditionals="8" coveredconditionals="2" methods="4" coveredmethods="3"/>
        <file name="index.js" path="/Users/brucemakallan/Desktop/programming/clients/ugandaswimming/usf/src/components/NavBar/index.js">
          <metrics statements="10" coveredstatements="9" conditionals="8" coveredconditionals="2" methods="4" coveredmethods="3"/>
          <line num="10" count="1" type="stmt"/>
          <line num="12" count="1" type="stmt"/>
          <line num="13" count="1" type="stmt"/>
          <line num="16" count="1" type="cond" truecount="1" falsecount="1"/>
          <line num="19" count="1" type="stmt"/>
          <line num="21" count="1" type="stmt"/>
          <line num="91" count="6" type="stmt"/>
          <line num="133" count="0" type="cond" truecount="0" falsecount="2"/>
          <line num="146" count="1" type="stmt"/>
          <line num="150" count="1" type="stmt"/>
        </file>
      </package>
      <package name="components.Products">
        <metrics statements="39" coveredstatements="33" conditionals="88" coveredconditionals="86" methods="30" coveredmethods="24"/>
        <file name="index.js" path="/Users/brucemakallan/Desktop/programming/clients/ugandaswimming/usf/src/components/Products/index.js">
          <metrics statements="8" coveredstatements="7" conditionals="0" coveredconditionals="0" methods="5" coveredmethods="4"/>
          <line num="12" count="4" type="stmt"/>
          <line num="14" count="4" type="stmt"/>
          <line num="15" count="5" type="stmt"/>
          <line num="24" count="0" type="stmt"/>
          <line num="35" count="5" type="stmt"/>
          <line num="44" count="5" type="stmt"/>
          <line num="63" count="1" type="stmt"/>
          <line num="78" count="4" type="stmt"/>
        </file>
        <file name="productForm.js" path="/Users/brucemakallan/Desktop/programming/clients/ugandaswimming/usf/src/components/Products/productForm.js">
          <metrics statements="31" coveredstatements="26" conditionals="88" coveredconditionals="86" methods="25" coveredmethods="20"/>
          <line num="14" count="5" type="stmt"/>
          <line num="18" count="735" type="stmt"/>
          <line num="19" count="735" type="stmt"/>
          <line num="38" count="735" type="stmt"/>
          <line num="47" count="735" type="stmt"/>
          <line num="63" count="735" type="stmt"/>
          <line num="71" count="0" type="stmt"/>
          <line num="79" count="735" type="stmt"/>
          <line num="95" count="735" type="stmt"/>
          <line num="112" count="49" type="stmt"/>
          <line num="119" count="784" type="stmt"/>
          <line num="129" count="735" type="stmt"/>
          <line num="135" count="28" type="stmt"/>
          <line num="142" count="2" type="stmt"/>
          <line num="150" count="0" type="stmt"/>
          <line num="158" count="0" type="stmt"/>
          <line num="168" count="0" type="stmt"/>
          <line num="179" count="1" type="stmt"/>
          <line num="195" count="4" type="stmt"/>
          <line num="204" count="735" type="stmt"/>
          <line num="209" count="15" type="stmt"/>
          <line num="215" count="1" type="stmt"/>
          <line num="231" count="2" type="stmt"/>
          <line num="266" count="735" type="stmt"/>
          <line num="297" count="49" type="stmt"/>
          <line num="299" count="49" type="stmt"/>
          <line num="396" count="49" type="stmt"/>
          <line num="400" count="735" type="stmt"/>
          <line num="433" count="0" type="stmt"/>
          <line num="443" count="5" type="stmt"/>
          <line num="460" count="5" type="stmt"/>
        </file>
      </package>
      <package name="components.Sidebar">
        <metrics statements="15" coveredstatements="11" conditionals="4" coveredconditionals="2" methods="6" coveredmethods="4"/>
        <file name="index.js" path="/Users/brucemakallan/Desktop/programming/clients/ugandaswimming/usf/src/components/Sidebar/index.js">
          <metrics statements="15" coveredstatements="11" conditionals="4" coveredconditionals="2" methods="6" coveredmethods="4"/>
          <line num="12" count="3" type="stmt"/>
          <line num="20" count="3" type="stmt"/>
          <line num="22" count="3" type="stmt"/>
          <line num="34" count="0" type="stmt"/>
          <line num="37" count="0" type="stmt"/>
          <line num="38" count="0" type="cond" truecount="0" falsecount="2"/>
          <line num="39" count="0" type="stmt"/>
          <line num="43" count="9" type="cond" truecount="2" falsecount="0"/>
          <line num="44" count="8" type="stmt"/>
          <line num="48" count="9" type="stmt"/>
          <line num="60" count="3" type="stmt"/>
          <line num="61" count="3" type="stmt"/>
          <line num="63" count="3" type="stmt"/>
          <line num="66" count="9" type="stmt"/>
          <line num="76" count="3" type="stmt"/>
        </file>
      </package>
      <package name="containers.Admin">
        <metrics statements="17" coveredstatements="3" conditionals="0" coveredconditionals="0" methods="5" coveredmethods="0"/>
        <file name="index.js" path="/Users/brucemakallan/Desktop/programming/clients/ugandaswimming/usf/src/containers/Admin/index.js">
          <metrics statements="17" coveredstatements="3" conditionals="0" coveredconditionals="0" methods="5" coveredmethods="0"/>
          <line num="17" count="0" type="stmt"/>
          <line num="18" count="0" type="stmt"/>
          <line num="19" count="0" type="stmt"/>
          <line num="20" count="0" type="stmt"/>
          <line num="29" count="0" type="stmt"/>
          <line num="30" count="0" type="stmt"/>
          <line num="31" count="0" type="stmt"/>
          <line num="32" count="0" type="stmt"/>
          <line num="36" count="0" type="stmt"/>
          <line num="37" count="0" type="stmt"/>
          <line num="38" count="0" type="stmt"/>
          <line num="39" count="0" type="stmt"/>
          <line num="43" count="0" type="stmt"/>
          <line num="44" count="0" type="stmt"/>
          <line num="55" count="2" type="stmt"/>
          <line num="60" count="2" type="stmt"/>
          <line num="62" count="2" type="stmt"/>
        </file>
      </package>
      <package name="containers.App">
        <metrics statements="9" coveredstatements="9" conditionals="0" coveredconditionals="0" methods="4" coveredmethods="4"/>
        <file name="index.js" path="/Users/brucemakallan/Desktop/programming/clients/ugandaswimming/usf/src/containers/App/index.js">
          <metrics statements="9" coveredstatements="9" conditionals="0" coveredconditionals="0" methods="4" coveredmethods="4"/>
          <line num="16" count="1" type="stmt"/>
          <line num="17" count="1" type="stmt"/>
          <line num="21" count="1" type="stmt"/>
          <line num="22" count="1" type="stmt"/>
          <line num="23" count="1" type="stmt"/>
          <line num="26" count="1" type="stmt"/>
          <line num="41" count="1" type="stmt"/>
          <line num="46" count="1" type="stmt"/>
          <line num="49" count="1" type="stmt"/>
        </file>
      </package>
      <package name="containers.Details">
        <metrics statements="32" coveredstatements="24" conditionals="38" coveredconditionals="27" methods="16" coveredmethods="11"/>
        <file name="index.js" path="/Users/brucemakallan/Desktop/programming/clients/ugandaswimming/usf/src/containers/Details/index.js">
          <metrics statements="32" coveredstatements="24" conditionals="38" coveredconditionals="27" methods="16" coveredmethods="11"/>
          <line num="15" count="3" type="stmt"/>
          <line num="19" count="0" type="stmt"/>
          <line num="20" count="0" type="stmt"/>
          <line num="24" count="0" type="cond" truecount="0" falsecount="3"/>
          <line num="29" count="0" type="stmt"/>
          <line num="32" count="0" type="stmt"/>
          <line num="46" count="1" type="cond" truecount="3" falsecount="0"/>
          <line num="50" count="1" type="stmt"/>
          <line num="52" count="2" type="cond" truecount="5" falsecount="0"/>
          <line num="70" count="13" type="cond" truecount="2" falsecount="0"/>
          <line num="71" count="11" type="cond" truecount="1" falsecount="1"/>
          <line num="72" count="0" type="stmt"/>
          <line num="74" count="11" type="cond" truecount="2" falsecount="0"/>
          <line num="75" count="1" type="stmt"/>
          <line num="77" count="10" type="cond" truecount="1" falsecount="1"/>
          <line num="78" count="0" type="stmt"/>
          <line num="82" count="0" type="stmt"/>
          <line num="87" count="10" type="stmt"/>
          <line num="93" count="2" type="stmt"/>
          <line num="97" count="3" type="cond" truecount="3" falsecount="0"/>
          <line num="108" count="1" type="stmt"/>
          <line num="109" count="1" type="stmt"/>
          <line num="113" count="1" type="cond" truecount="1" falsecount="1"/>
          <line num="114" count="1" type="stmt"/>
          <line num="119" count="1" type="stmt"/>
          <line num="135" count="1" type="stmt"/>
          <line num="142" count="1" type="stmt"/>
          <line num="169" count="3" type="stmt"/>
          <line num="173" count="3" type="stmt"/>
          <line num="183" count="10" type="stmt"/>
          <line num="196" count="3" type="stmt"/>
          <line num="202" count="3" type="stmt"/>
        </file>
      </package>
      <package name="containers.Home">
        <metrics statements="28" coveredstatements="27" conditionals="2" coveredconditionals="1" methods="8" coveredmethods="8"/>
        <file name="index.js" path="/Users/brucemakallan/Desktop/programming/clients/ugandaswimming/usf/src/containers/Home/index.js">
          <metrics statements="28" coveredstatements="27" conditionals="2" coveredconditionals="1" methods="8" coveredmethods="8"/>
          <line num="12" count="1" type="stmt"/>
          <line num="13" count="1" type="stmt"/>
          <line num="17" count="7" type="stmt"/>
          <line num="21" count="1" type="stmt"/>
          <line num="22" count="1" type="stmt"/>
          <line num="23" count="1" type="stmt"/>
          <line num="24" count="1" type="stmt"/>
          <line num="25" count="1" type="stmt"/>
          <line num="26" count="1" type="stmt"/>
          <line num="27" count="1" type="stmt"/>
          <line num="31" count="1" type="stmt"/>
          <line num="33" count="1" type="stmt"/>
          <line num="34" count="1" type="stmt"/>
          <line num="35" count="1" type="stmt"/>
          <line num="36" count="1" type="stmt"/>
          <line num="37" count="1" type="stmt"/>
          <line num="38" count="1" type="stmt"/>
          <line num="40" count="1" type="stmt"/>
          <line num="41" count="1" type="stmt"/>
          <line num="43" count="1" type="stmt"/>
          <line num="44" count="1" type="stmt"/>
          <line num="45" count="1" type="stmt"/>
          <line num="47" count="1" type="cond" truecount="1" falsecount="1"/>
          <line num="48" count="0" type="stmt"/>
          <line num="60" count="1" type="stmt"/>
          <line num="75" count="1" type="stmt"/>
          <line num="80" count="1" type="stmt"/>
          <line num="83" count="1" type="stmt"/>
        </file>
      </package>
      <package name="containers.PageLoader">
        <metrics statements="4" coveredstatements="4" conditionals="2" coveredconditionals="2" methods="2" coveredmethods="2"/>
        <file name="index.js" path="/Users/brucemakallan/Desktop/programming/clients/ugandaswimming/usf/src/containers/PageLoader/index.js">
          <metrics statements="4" coveredstatements="4" conditionals="2" coveredconditionals="2" methods="2" coveredmethods="2"/>
          <line num="9" count="3" type="stmt"/>
          <line num="10" count="3" type="stmt"/>
          <line num="25" count="2" type="stmt"/>
          <line num="29" count="3" type="stmt"/>
        </file>
      </package>
      <package name="containers.Products">
        <metrics statements="114" coveredstatements="83" conditionals="37" coveredconditionals="17" methods="41" coveredmethods="22"/>
        <file name="create.js" path="/Users/brucemakallan/Desktop/programming/clients/ugandaswimming/usf/src/containers/Products/create.js">
          <metrics statements="45" coveredstatements="32" conditionals="16" coveredconditionals="7" methods="16" coveredmethods="8"/>
          <line num="21" count="1" type="stmt"/>
          <line num="22" count="1" type="stmt"/>
          <line num="23" count="1" type="stmt"/>
          <line num="24" count="1" type="stmt"/>
          <line num="28" count="1" type="stmt"/>
          <line num="29" count="1" type="stmt"/>
          <line num="30" count="1" type="stmt"/>
          <line num="31" count="1" type="cond" truecount="1" falsecount="1"/>
          <line num="32" count="0" type="stmt"/>
          <line num="39" count="1" type="stmt"/>
          <line num="49" count="1" type="stmt"/>
          <line num="50" count="1" type="stmt"/>
          <line num="51" count="1" type="stmt"/>
          <line num="52" count="1" type="stmt"/>
          <line num="53" count="1" type="stmt"/>
          <line num="54" count="1" type="stmt"/>
          <line num="63" count="1" type="stmt"/>
          <line num="64" count="1" type="stmt"/>
          <line num="65" count="1" type="stmt"/>
          <line num="74" count="4" type="stmt"/>
          <line num="75" count="4" type="stmt"/>
          <line num="76" count="4" type="stmt"/>
          <line num="85" count="1" type="stmt"/>
          <line num="87" count="1" type="cond" truecount="5" falsecount="1"/>
          <line num="88" count="1" type="stmt"/>
          <line num="89" count="1" type="stmt"/>
          <line num="92" count="1" type="stmt"/>
          <line num="96" count="0" type="stmt"/>
          <line num="97" count="0" type="stmt"/>
          <line num="99" count="0" type="cond" truecount="0" falsecount="6"/>
          <line num="100" count="0" type="stmt"/>
          <line num="101" count="0" type="stmt"/>
          <line num="102" count="0" type="stmt"/>
          <line num="103" count="0" type="stmt"/>
          <line num="111" count="0" type="stmt"/>
          <line num="115" count="0" type="stmt"/>
          <line num="116" count="0" type="stmt"/>
          <line num="119" count="0" type="stmt"/>
          <line num="125" count="0" type="stmt"/>
          <line num="147" count="20" type="stmt"/>
          <line num="148" count="20" type="stmt"/>
          <line num="150" count="20" type="stmt"/>
          <line num="171" count="3" type="stmt"/>
          <line num="177" count="3" type="stmt"/>
          <line num="180" count="3" type="stmt"/>
        </file>
        <file name="edit.js" path="/Users/brucemakallan/Desktop/programming/clients/ugandaswimming/usf/src/containers/Products/edit.js">
          <metrics statements="53" coveredstatements="40" conditionals="17" coveredconditionals="8" methods="18" coveredmethods="10"/>
          <line num="21" count="9" type="stmt"/>
          <line num="24" count="9" type="stmt"/>
          <line num="25" count="9" type="stmt"/>
          <line num="26" count="9" type="cond" truecount="2" falsecount="0"/>
          <line num="27" count="8" type="stmt"/>
          <line num="28" count="1" type="stmt"/>
          <line num="32" count="1" type="stmt"/>
          <line num="33" count="1" type="stmt"/>
          <line num="34" count="1" type="stmt"/>
          <line num="35" count="1" type="stmt"/>
          <line num="36" count="1" type="stmt"/>
          <line num="37" count="1" type="stmt"/>
          <line num="41" count="1" type="stmt"/>
          <line num="42" count="1" type="stmt"/>
          <line num="43" count="1" type="stmt"/>
          <line num="44" count="1" type="cond" truecount="1" falsecount="1"/>
          <line num="45" count="0" type="stmt"/>
          <line num="52" count="1" type="stmt"/>
          <line num="62" count="1" type="stmt"/>
          <line num="63" count="1" type="stmt"/>
          <line num="64" count="1" type="stmt"/>
          <line num="65" count="1" type="stmt"/>
          <line num="66" count="1" type="stmt"/>
          <line num="67" count="1" type="stmt"/>
          <line num="76" count="1" type="stmt"/>
          <line num="77" count="1" type="stmt"/>
          <line num="78" count="1" type="stmt"/>
          <line num="87" count="2" type="stmt"/>
          <line num="88" count="2" type="stmt"/>
          <line num="89" count="2" type="stmt"/>
          <line num="98" count="1" type="stmt"/>
          <line num="100" count="1" type="cond" truecount="5" falsecount="1"/>
          <line num="101" count="1" type="stmt"/>
          <line num="102" count="1" type="stmt"/>
          <line num="105" count="1" type="stmt"/>
          <line num="109" count="0" type="stmt"/>
          <line num="110" count="0" type="stmt"/>
          <line num="112" count="0" type="cond" truecount="0" falsecount="6"/>
          <line num="113" count="0" type="stmt"/>
          <line num="114" count="0" type="stmt"/>
          <line num="115" count="0" type="stmt"/>
          <line num="116" count="0" type="stmt"/>
          <line num="124" count="0" type="stmt"/>
          <line num="128" count="0" type="stmt"/>
          <line num="129" count="0" type="stmt"/>
          <line num="132" count="0" type="stmt"/>
          <line num="138" count="0" type="stmt"/>
          <line num="160" count="28" type="stmt"/>
          <line num="161" count="28" type="stmt"/>
          <line num="163" count="28" type="stmt"/>
          <line num="183" count="3" type="stmt"/>
          <line num="190" count="3" type="stmt"/>
          <line num="193" count="3" type="stmt"/>
        </file>
        <file name="index.js" path="/Users/brucemakallan/Desktop/programming/clients/ugandaswimming/usf/src/containers/Products/index.js">
          <metrics statements="16" coveredstatements="11" conditionals="4" coveredconditionals="2" methods="7" coveredmethods="4"/>
          <line num="15" count="2" type="stmt"/>
          <line num="16" count="2" type="stmt"/>
          <line num="20" count="0" type="cond" truecount="0" falsecount="2"/>
          <line num="21" count="0" type="stmt"/>
          <line num="22" count="0" type="stmt"/>
          <line num="24" count="0" type="stmt"/>
          <line num="28" count="1" type="stmt"/>
          <line num="29" count="1" type="stmt"/>
          <line num="33" count="1" type="stmt"/>
          <line num="37" count="0" type="stmt"/>
          <line num="41" count="4" type="stmt"/>
          <line num="42" count="4" type="stmt"/>
          <line num="43" count="4" type="stmt"/>
          <line num="63" count="3" type="stmt"/>
          <line num="69" count="3" type="stmt"/>
          <line num="72" count="3" type="stmt"/>
        </file>
      </package>
      <package name="reducers">
        <metrics statements="29" coveredstatements="26" conditionals="15" coveredconditionals="14" methods="4" coveredmethods="4"/>
        <file name="adminReducer.js" path="/Users/brucemakallan/Desktop/programming/clients/ugandaswimming/usf/src/reducers/adminReducer.js">
          <metrics statements="8" coveredstatements="5" conditionals="3" coveredconditionals="2" methods="1" coveredmethods="1"/>
          <line num="3" count="1" type="stmt"/>
          <line num="7" count="1" type="cond" truecount="1" falsecount="0"/>
          <line num="8" count="3" type="stmt"/>
          <line num="10" count="3" type="cond" truecount="1" falsecount="1"/>
          <line num="12" count="0" type="stmt"/>
          <line num="13" count="0" type="stmt"/>
          <line num="14" count="0" type="stmt"/>
          <line num="16" count="3" type="stmt"/>
        </file>
        <file name="index.js" path="/Users/brucemakallan/Desktop/programming/clients/ugandaswimming/usf/src/reducers/index.js">
          <metrics statements="0" coveredstatements="0" conditionals="0" coveredconditionals="0" methods="0" coveredmethods="0"/>
        </file>
        <file name="loaderReducer.js" path="/Users/brucemakallan/Desktop/programming/clients/ugandaswimming/usf/src/reducers/loaderReducer.js">
          <metrics statements="6" coveredstatements="6" conditionals="3" coveredconditionals="3" methods="1" coveredmethods="1"/>
          <line num="3" count="2" type="stmt"/>
          <line num="7" count="2" type="cond" truecount="1" falsecount="0"/>
          <line num="8" count="5" type="stmt"/>
          <line num="10" count="5" type="cond" truecount="2" falsecount="0"/>
          <line num="12" count="1" type="stmt"/>
          <line num="13" count="4" type="stmt"/>
        </file>
        <file name="productsReducer.js" path="/Users/brucemakallan/Desktop/programming/clients/ugandaswimming/usf/src/reducers/productsReducer.js">
          <metrics statements="15" coveredstatements="15" conditionals="9" coveredconditionals="9" methods="2" coveredmethods="2"/>
          <line num="6" count="2" type="stmt"/>
          <line num="11" count="2" type="cond" truecount="1" falsecount="0"/>
          <line num="12" count="10" type="stmt"/>
          <line num="13" count="10" type="stmt"/>
          <line num="15" count="10" type="cond" truecount="6" falsecount="0"/>
          <line num="17" count="1" type="stmt"/>
          <line num="19" count="1" type="stmt"/>
          <line num="21" count="1" type="stmt"/>
          <line num="22" count="1" type="stmt"/>
          <line num="25" count="2" type="cond" truecount="2" falsecount="0"/>
          <line num="26" count="1" type="stmt"/>
          <line num="27" count="2" type="stmt"/>
          <line num="30" count="1" type="stmt"/>
          <line num="31" count="1" type="stmt"/>
          <line num="33" count="4" type="stmt"/>
        </file>
      </package>
      <package name="utils">
        <metrics statements="54" coveredstatements="49" conditionals="6" coveredconditionals="5" methods="10" coveredmethods="6"/>
        <file name="cloudinary.js" path="/Users/brucemakallan/Desktop/programming/clients/ugandaswimming/usf/src/utils/cloudinary.js">
          <metrics statements="1" coveredstatements="1" conditionals="0" coveredconditionals="0" methods="0" coveredmethods="0"/>
          <line num="1" count="4" type="stmt"/>
        </file>
        <file name="history.js" path="/Users/brucemakallan/Desktop/programming/clients/ugandaswimming/usf/src/utils/history.js">
          <metrics statements="0" coveredstatements="0" conditionals="0" coveredconditionals="0" methods="0" coveredmethods="0"/>
        </file>
        <file name="index.js" path="/Users/brucemakallan/Desktop/programming/clients/ugandaswimming/usf/src/utils/index.js">
          <metrics statements="50" coveredstatements="47" conditionals="6" coveredconditionals="5" methods="9" coveredmethods="6"/>
          <line num="9" count="14" type="stmt"/>
          <line num="11" count="14" type="stmt"/>
          <line num="24" count="14" type="stmt"/>
          <line num="26" count="14" type="stmt"/>
          <line num="29" count="0" type="stmt"/>
          <line num="30" count="1" type="stmt"/>
          <line num="31" count="0" type="stmt"/>
          <line num="35" count="14" type="stmt"/>
          <line num="41" count="14" type="stmt"/>
          <line num="45" count="14" type="stmt"/>
          <line num="50" count="14" type="stmt"/>
          <line num="51" count="14" type="stmt"/>
          <line num="52" count="14" type="stmt"/>
          <line num="53" count="14" type="stmt"/>
          <line num="54" count="14" type="stmt"/>
          <line num="55" count="14" type="stmt"/>
          <line num="56" count="14" type="stmt"/>
          <line num="57" count="14" type="stmt"/>
          <line num="58" count="14" type="stmt"/>
          <line num="59" count="14" type="stmt"/>
          <line num="60" count="14" type="stmt"/>
          <line num="61" count="14" type="stmt"/>
          <line num="62" count="14" type="stmt"/>
          <line num="63" count="14" type="stmt"/>
          <line num="64" count="14" type="stmt"/>
          <line num="65" count="14" type="stmt"/>
          <line num="67" count="14" type="stmt"/>
          <line num="79" count="14" type="stmt"/>
          <line num="98" count="14" type="stmt"/>
          <line num="125" count="14" type="stmt"/>
          <line num="127" count="1" type="stmt"/>
          <line num="128" count="6" type="cond" truecount="4" falsecount="0"/>
          <line num="129" count="1" type="stmt"/>
          <line num="131" count="6" type="stmt"/>
          <line num="133" count="1" type="cond" truecount="1" falsecount="1"/>
          <line num="134" count="1" type="stmt"/>
          <line num="136" count="0" type="stmt"/>
          <line num="139" count="14" type="stmt"/>
          <line num="140" count="14" type="stmt"/>
          <line num="141" count="14" type="stmt"/>
          <line num="142" count="14" type="stmt"/>
          <line num="143" count="14" type="stmt"/>
          <line num="144" count="14" type="stmt"/>
          <line num="145" count="14" type="stmt"/>
          <line num="147" count="14" type="stmt"/>
          <line num="149" count="40" type="stmt"/>
          <line num="151" count="14" type="stmt"/>
          <line num="152" count="1" type="stmt"/>
          <line num="153" count="3" type="stmt"/>
          <line num="154" count="1" type="stmt"/>
        </file>
        <file name="renderYoutubePlayer.jsx" path="/Users/brucemakallan/Desktop/programming/clients/ugandaswimming/usf/src/utils/renderYoutubePlayer.jsx">
          <metrics statements="3" coveredstatements="1" conditionals="0" coveredconditionals="0" methods="1" coveredmethods="0"/>
          <line num="4" count="3" type="stmt"/>
          <line num="5" count="0" type="stmt"/>
          <line num="14" count="0" type="stmt"/>
        </file>
      </package>
    </metrics>
  </project>
</coverage>
