{"/Users/brucemakallan/Desktop/programming/clients/ugandaswimming/usf/src/actions/adminActions.js": {"path":"/Users/brucemakallan/Desktop/programming/clients/ugandaswimming/usf/src/actions/adminActions.js","statementMap":{"0":{"start":{"line":5,"column":14},"end":{"line":17,"column":1}},"1":{"start":{"line":5,"column":38},"end":{"line":17,"column":1}},"2":{"start":{"line":6,"column":2},"end":{"line":6,"column":33}},"3":{"start":{"line":7,"column":2},"end":{"line":16,"column":7}},"4":{"start":{"line":9,"column":6},"end":{"line":9,"column":62}},"5":{"start":{"line":10,"column":6},"end":{"line":10,"column":38}},"6":{"start":{"line":11,"column":6},"end":{"line":11,"column":41}},"7":{"start":{"line":14,"column":6},"end":{"line":14,"column":38}},"8":{"start":{"line":15,"column":6},"end":{"line":15,"column":39}}},"fnMap":{"0":{"name":"(anonymous_0)","decl":{"start":{"line":5,"column":14},"end":{"line":5,"column":15}},"loc":{"start":{"line":5,"column":38},"end":{"line":17,"column":1}},"line":5},"1":{"name":"(anonymous_1)","decl":{"start":{"line":5,"column":38},"end":{"line":5,"column":39}},"loc":{"start":{"line":5,"column":58},"end":{"line":17,"column":1}},"line":5},"2":{"name":"(anonymous_2)","decl":{"start":{"line":8,"column":10},"end":{"line":8,"column":11}},"loc":{"start":{"line":8,"column":24},"end":{"line":12,"column":5}},"line":8},"3":{"name":"(anonymous_3)","decl":{"start":{"line":13,"column":11},"end":{"line":13,"column":12}},"loc":{"start":{"line":13,"column":22},"end":{"line":16,"column":5}},"line":13}},"branchMap":{},"s":{"0":2,"1":0,"2":0,"3":0,"4":0,"5":0,"6":0,"7":0,"8":0},"f":{"0":0,"1":0,"2":0,"3":0},"b":{},"_coverageSchema":"332fd63041d2c1bcb487cc26dd0d5f7d97098a6c","hash":"30f6b460d91e23f035bdbf7353cb256d7365ca76"}
,"/Users/brucemakallan/Desktop/programming/clients/ugandaswimming/usf/src/actions/index.js": {"path":"/Users/brucemakallan/Desktop/programming/clients/ugandaswimming/usf/src/actions/index.js","statementMap":{"0":{"start":{"line":3,"column":14},"end":{"line":11,"column":1}},"1":{"start":{"line":13,"column":25},"end":{"line":16,"column":2}},"2":{"start":{"line":13,"column":37},"end":{"line":16,"column":1}},"3":{"start":{"line":18,"column":27},"end":{"line":21,"column":2}},"4":{"start":{"line":18,"column":39},"end":{"line":21,"column":1}},"5":{"start":{"line":23,"column":30},"end":{"line":26,"column":2}},"6":{"start":{"line":23,"column":42},"end":{"line":26,"column":1}},"7":{"start":{"line":28,"column":31},"end":{"line":32,"column":1}},"8":{"start":{"line":29,"column":2},"end":{"line":31,"column":31}},"9":{"start":{"line":30,"column":4},"end":{"line":30,"column":53}},"10":{"start":{"line":31,"column":9},"end":{"line":31,"column":31}}},"fnMap":{"0":{"name":"(anonymous_0)","decl":{"start":{"line":13,"column":25},"end":{"line":13,"column":26}},"loc":{"start":{"line":13,"column":37},"end":{"line":16,"column":1}},"line":13},"1":{"name":"(anonymous_1)","decl":{"start":{"line":18,"column":27},"end":{"line":18,"column":28}},"loc":{"start":{"line":18,"column":39},"end":{"line":21,"column":1}},"line":18},"2":{"name":"(anonymous_2)","decl":{"start":{"line":23,"column":30},"end":{"line":23,"column":31}},"loc":{"start":{"line":23,"column":42},"end":{"line":26,"column":1}},"line":23},"3":{"name":"(anonymous_3)","decl":{"start":{"line":28,"column":31},"end":{"line":28,"column":32}},"loc":{"start":{"line":28,"column":52},"end":{"line":32,"column":1}},"line":28}},"branchMap":{"0":{"loc":{"start":{"line":15,"column":11},"end":{"line":15,"column":44}},"type":"binary-expr","locations":[{"start":{"line":15,"column":11},"end":{"line":15,"column":18}},{"start":{"line":15,"column":22},"end":{"line":15,"column":44}}],"line":15},"1":{"loc":{"start":{"line":20,"column":11},"end":{"line":20,"column":38}},"type":"binary-expr","locations":[{"start":{"line":20,"column":11},"end":{"line":20,"column":18}},{"start":{"line":20,"column":22},"end":{"line":20,"column":38}}],"line":20},"2":{"loc":{"start":{"line":29,"column":2},"end":{"line":31,"column":31}},"type":"if","locations":[{"start":{"line":29,"column":2},"end":{"line":31,"column":31}},{"start":{"line":29,"column":2},"end":{"line":31,"column":31}}],"line":29},"3":{"loc":{"start":{"line":29,"column":6},"end":{"line":29,"column":83}},"type":"binary-expr","locations":[{"start":{"line":29,"column":6},"end":{"line":29,"column":11}},{"start":{"line":29,"column":15},"end":{"line":29,"column":29}},{"start":{"line":29,"column":33},"end":{"line":29,"column":52}},{"start":{"line":29,"column":56},"end":{"line":29,"column":83}}],"line":29}},"s":{"0":10,"1":10,"2":2,"3":10,"4":2,"5":10,"6":10,"7":10,"8":0,"9":0,"10":0},"f":{"0":2,"1":2,"2":10,"3":0},"b":{"0":[2,1],"1":[2,1],"2":[0,0],"3":[0,0,0,0]},"_coverageSchema":"332fd63041d2c1bcb487cc26dd0d5f7d97098a6c","hash":"8d804b4dfa9a477b78033c4309daf25ffc88547f"}
,"/Users/brucemakallan/Desktop/programming/clients/ugandaswimming/usf/src/actions/productsActions.js": {"path":"/Users/brucemakallan/Desktop/programming/clients/ugandaswimming/usf/src/actions/productsActions.js","statementMap":{"0":{"start":{"line":5,"column":34},"end":{"line":8,"column":2}},"1":{"start":{"line":5,"column":46},"end":{"line":8,"column":1}},"2":{"start":{"line":9,"column":36},"end":{"line":12,"column":2}},"3":{"start":{"line":9,"column":48},"end":{"line":12,"column":1}},"4":{"start":{"line":13,"column":38},"end":{"line":16,"column":2}},"5":{"start":{"line":13,"column":50},"end":{"line":16,"column":1}},"6":{"start":{"line":18,"column":16},"end":{"line":22,"column":1}},"7":{"start":{"line":24,"column":34},"end":{"line":27,"column":1}},"8":{"start":{"line":25,"column":2},"end":{"line":25,"column":48}},"9":{"start":{"line":26,"column":2},"end":{"line":26,"column":26}},"10":{"start":{"line":29,"column":23},"end":{"line":40,"column":1}},"11":{"start":{"line":29,"column":30},"end":{"line":40,"column":1}},"12":{"start":{"line":30,"column":2},"end":{"line":30,"column":33}},"13":{"start":{"line":31,"column":2},"end":{"line":39,"column":7}},"14":{"start":{"line":33,"column":6},"end":{"line":33,"column":50}},"15":{"start":{"line":34,"column":6},"end":{"line":34,"column":38}},"16":{"start":{"line":37,"column":6},"end":{"line":37,"column":38}},"17":{"start":{"line":38,"column":6},"end":{"line":38,"column":39}},"18":{"start":{"line":42,"column":27},"end":{"line":56,"column":1}},"19":{"start":{"line":42,"column":66},"end":{"line":56,"column":1}},"20":{"start":{"line":43,"column":2},"end":{"line":43,"column":33}},"21":{"start":{"line":44,"column":22},"end":{"line":44,"column":26}},"22":{"start":{"line":45,"column":2},"end":{"line":45,"column":27}},"23":{"start":{"line":46,"column":2},"end":{"line":55,"column":7}},"24":{"start":{"line":48,"column":6},"end":{"line":48,"column":52}},"25":{"start":{"line":49,"column":6},"end":{"line":49,"column":38}},"26":{"start":{"line":50,"column":6},"end":{"line":50,"column":43}},"27":{"start":{"line":50,"column":26},"end":{"line":50,"column":43}},"28":{"start":{"line":53,"column":6},"end":{"line":53,"column":38}},"29":{"start":{"line":54,"column":6},"end":{"line":54,"column":39}},"30":{"start":{"line":58,"column":27},"end":{"line":72,"column":1}},"31":{"start":{"line":58,"column":51},"end":{"line":72,"column":1}},"32":{"start":{"line":59,"column":2},"end":{"line":59,"column":33}},"33":{"start":{"line":60,"column":22},"end":{"line":60,"column":26}},"34":{"start":{"line":61,"column":2},"end":{"line":61,"column":27}},"35":{"start":{"line":62,"column":2},"end":{"line":71,"column":7}},"36":{"start":{"line":64,"column":6},"end":{"line":64,"column":52}},"37":{"start":{"line":65,"column":6},"end":{"line":65,"column":38}},"38":{"start":{"line":66,"column":6},"end":{"line":66,"column":45}},"39":{"start":{"line":69,"column":6},"end":{"line":69,"column":38}},"40":{"start":{"line":70,"column":6},"end":{"line":70,"column":39}},"41":{"start":{"line":74,"column":29},"end":{"line":76,"column":51}},"42":{"start":{"line":74,"column":36},"end":{"line":76,"column":51}},"43":{"start":{"line":74,"column":54},"end":{"line":76,"column":51}},"44":{"start":{"line":75,"column":20},"end":{"line":75,"column":67}},"45":{"start":{"line":76,"column":18},"end":{"line":76,"column":50}}},"fnMap":{"0":{"name":"(anonymous_0)","decl":{"start":{"line":5,"column":34},"end":{"line":5,"column":35}},"loc":{"start":{"line":5,"column":46},"end":{"line":8,"column":1}},"line":5},"1":{"name":"(anonymous_1)","decl":{"start":{"line":9,"column":36},"end":{"line":9,"column":37}},"loc":{"start":{"line":9,"column":48},"end":{"line":12,"column":1}},"line":9},"2":{"name":"(anonymous_2)","decl":{"start":{"line":13,"column":38},"end":{"line":13,"column":39}},"loc":{"start":{"line":13,"column":50},"end":{"line":16,"column":1}},"line":13},"3":{"name":"(anonymous_3)","decl":{"start":{"line":24,"column":34},"end":{"line":24,"column":35}},"loc":{"start":{"line":24,"column":58},"end":{"line":27,"column":1}},"line":24},"4":{"name":"(anonymous_4)","decl":{"start":{"line":29,"column":23},"end":{"line":29,"column":24}},"loc":{"start":{"line":29,"column":30},"end":{"line":40,"column":1}},"line":29},"5":{"name":"(anonymous_5)","decl":{"start":{"line":29,"column":30},"end":{"line":29,"column":31}},"loc":{"start":{"line":29,"column":50},"end":{"line":40,"column":1}},"line":29},"6":{"name":"(anonymous_6)","decl":{"start":{"line":32,"column":10},"end":{"line":32,"column":11}},"loc":{"start":{"line":32,"column":24},"end":{"line":35,"column":5}},"line":32},"7":{"name":"(anonymous_7)","decl":{"start":{"line":36,"column":11},"end":{"line":36,"column":12}},"loc":{"start":{"line":36,"column":22},"end":{"line":39,"column":5}},"line":36},"8":{"name":"(anonymous_8)","decl":{"start":{"line":42,"column":27},"end":{"line":42,"column":28}},"loc":{"start":{"line":42,"column":66},"end":{"line":56,"column":1}},"line":42},"9":{"name":"(anonymous_9)","decl":{"start":{"line":42,"column":66},"end":{"line":42,"column":67}},"loc":{"start":{"line":42,"column":86},"end":{"line":56,"column":1}},"line":42},"10":{"name":"(anonymous_10)","decl":{"start":{"line":47,"column":10},"end":{"line":47,"column":11}},"loc":{"start":{"line":47,"column":24},"end":{"line":51,"column":5}},"line":47},"11":{"name":"(anonymous_11)","decl":{"start":{"line":52,"column":11},"end":{"line":52,"column":12}},"loc":{"start":{"line":52,"column":22},"end":{"line":55,"column":5}},"line":52},"12":{"name":"(anonymous_12)","decl":{"start":{"line":58,"column":27},"end":{"line":58,"column":28}},"loc":{"start":{"line":58,"column":51},"end":{"line":72,"column":1}},"line":58},"13":{"name":"(anonymous_13)","decl":{"start":{"line":58,"column":51},"end":{"line":58,"column":52}},"loc":{"start":{"line":58,"column":71},"end":{"line":72,"column":1}},"line":58},"14":{"name":"(anonymous_14)","decl":{"start":{"line":63,"column":10},"end":{"line":63,"column":11}},"loc":{"start":{"line":63,"column":24},"end":{"line":67,"column":5}},"line":63},"15":{"name":"(anonymous_15)","decl":{"start":{"line":68,"column":11},"end":{"line":68,"column":12}},"loc":{"start":{"line":68,"column":22},"end":{"line":71,"column":5}},"line":68},"16":{"name":"(anonymous_16)","decl":{"start":{"line":74,"column":29},"end":{"line":74,"column":30}},"loc":{"start":{"line":74,"column":36},"end":{"line":76,"column":51}},"line":74},"17":{"name":"(anonymous_17)","decl":{"start":{"line":74,"column":36},"end":{"line":74,"column":37}},"loc":{"start":{"line":74,"column":54},"end":{"line":76,"column":51}},"line":74},"18":{"name":"(anonymous_18)","decl":{"start":{"line":75,"column":8},"end":{"line":75,"column":9}},"loc":{"start":{"line":75,"column":20},"end":{"line":75,"column":67}},"line":75},"19":{"name":"(anonymous_19)","decl":{"start":{"line":76,"column":9},"end":{"line":76,"column":10}},"loc":{"start":{"line":76,"column":18},"end":{"line":76,"column":50}},"line":76}},"branchMap":{"0":{"loc":{"start":{"line":50,"column":6},"end":{"line":50,"column":43}},"type":"if","locations":[{"start":{"line":50,"column":6},"end":{"line":50,"column":43}},{"start":{"line":50,"column":6},"end":{"line":50,"column":43}}],"line":50}},"s":{"0":6,"1":0,"2":6,"3":0,"4":6,"5":0,"6":6,"7":6,"8":0,"9":0,"10":6,"11":4,"12":4,"13":4,"14":0,"15":0,"16":0,"17":0,"18":6,"19":3,"20":3,"21":3,"22":3,"23":3,"24":0,"25":0,"26":0,"27":0,"28":0,"29":0,"30":6,"31":2,"32":2,"33":2,"34":2,"35":2,"36":0,"37":0,"38":0,"39":0,"40":0,"41":6,"42":2,"43":2,"44":0,"45":0},"f":{"0":0,"1":0,"2":0,"3":0,"4":4,"5":4,"6":0,"7":0,"8":3,"9":3,"10":0,"11":0,"12":2,"13":2,"14":0,"15":0,"16":2,"17":2,"18":0,"19":0},"b":{"0":[0,0]},"_coverageSchema":"332fd63041d2c1bcb487cc26dd0d5f7d97098a6c","hash":"5e48a048fbc07c45f138a30211f3029e1073152d"}
,"/Users/brucemakallan/Desktop/programming/clients/ugandaswimming/usf/src/components/Admin/index.jsx": {"path":"/Users/brucemakallan/Desktop/programming/clients/ugandaswimming/usf/src/components/Admin/index.jsx","statementMap":{"0":{"start":{"line":5,"column":14},"end":{"line":53,"column":1}},"1":{"start":{"line":8,"column":2},"end":{"line":52,"column":8}},"2":{"start":{"line":55,"column":0},"end":{"line":60,"column":2}},"3":{"start":{"line":62,"column":0},"end":{"line":64,"column":2}}},"fnMap":{"0":{"name":"(anonymous_0)","decl":{"start":{"line":5,"column":14},"end":{"line":5,"column":15}},"loc":{"start":{"line":8,"column":2},"end":{"line":52,"column":8}},"line":8}},"branchMap":{"0":{"loc":{"start":{"line":13,"column":7},"end":{"line":23,"column":7}},"type":"binary-expr","locations":[{"start":{"line":13,"column":7},"end":{"line":13,"column":12}},{"start":{"line":13,"column":16},"end":{"line":13,"column":32}},{"start":{"line":15,"column":8},"end":{"line":22,"column":14}}],"line":13}},"s":{"0":2,"1":0,"2":2,"3":2},"f":{"0":0},"b":{"0":[0,0,0]},"_coverageSchema":"332fd63041d2c1bcb487cc26dd0d5f7d97098a6c","hash":"37a741e9e9c77151c4b176a632f98d57923b4efa"}
,"/Users/brucemakallan/Desktop/programming/clients/ugandaswimming/usf/src/components/ArticleCard/index.jsx": {"path":"/Users/brucemakallan/Desktop/programming/clients/ugandaswimming/usf/src/components/ArticleCard/index.jsx","statementMap":{"0":{"start":{"line":18,"column":0},"end":{"line":23,"column":2}},"1":{"start":{"line":27,"column":4},"end":{"line":39,"column":5}},"2":{"start":{"line":43,"column":24},"end":{"line":43,"column":34}},"3":{"start":{"line":45,"column":4},"end":{"line":143,"column":6}},"4":{"start":{"line":63,"column":16},"end":{"line":65,"column":22}},"5":{"start":{"line":116,"column":22},"end":{"line":124,"column":28}},"6":{"start":{"line":147,"column":0},"end":{"line":149,"column":2}}},"fnMap":{"0":{"name":"(anonymous_0)","decl":{"start":{"line":26,"column":20},"end":{"line":26,"column":21}},"loc":{"start":{"line":27,"column":4},"end":{"line":39,"column":5}},"line":27},"1":{"name":"(anonymous_1)","decl":{"start":{"line":42,"column":2},"end":{"line":42,"column":3}},"loc":{"start":{"line":42,"column":11},"end":{"line":144,"column":3}},"line":42},"2":{"name":"(anonymous_2)","decl":{"start":{"line":62,"column":35},"end":{"line":62,"column":36}},"loc":{"start":{"line":63,"column":16},"end":{"line":65,"column":22}},"line":63},"3":{"name":"(anonymous_3)","decl":{"start":{"line":115,"column":39},"end":{"line":115,"column":40}},"loc":{"start":{"line":116,"column":22},"end":{"line":124,"column":28}},"line":116}},"branchMap":{"0":{"loc":{"start":{"line":27,"column":4},"end":{"line":39,"column":5}},"type":"binary-expr","locations":[{"start":{"line":27,"column":4},"end":{"line":27,"column":8}},{"start":{"line":27,"column":12},"end":{"line":27,"column":27}},{"start":{"line":28,"column":6},"end":{"line":38,"column":12}}],"line":27},"1":{"loc":{"start":{"line":30,"column":11},"end":{"line":30,"column":62}},"type":"binary-expr","locations":[{"start":{"line":30,"column":11},"end":{"line":30,"column":18}},{"start":{"line":30,"column":22},"end":{"line":30,"column":62}}],"line":30},"2":{"loc":{"start":{"line":48,"column":11},"end":{"line":49,"column":60}},"type":"binary-expr","locations":[{"start":{"line":48,"column":11},"end":{"line":48,"column":25}},{"start":{"line":48,"column":29},"end":{"line":48,"column":56}},{"start":{"line":49,"column":15},"end":{"line":49,"column":60}}],"line":48},"3":{"loc":{"start":{"line":50,"column":11},"end":{"line":51,"column":71}},"type":"binary-expr","locations":[{"start":{"line":50,"column":11},"end":{"line":50,"column":25}},{"start":{"line":50,"column":29},"end":{"line":50,"column":54}},{"start":{"line":51,"column":15},"end":{"line":51,"column":71}}],"line":50},"4":{"loc":{"start":{"line":54,"column":9},"end":{"line":68,"column":9}},"type":"binary-expr","locations":[{"start":{"line":54,"column":9},"end":{"line":54,"column":23}},{"start":{"line":54,"column":27},"end":{"line":54,"column":52}},{"start":{"line":55,"column":10},"end":{"line":67,"column":16}}],"line":54},"5":{"loc":{"start":{"line":56,"column":13},"end":{"line":66,"column":16}},"type":"cond-expr","locations":[{"start":{"line":58,"column":16},"end":{"line":60,"column":22}},{"start":{"line":62,"column":16},"end":{"line":66,"column":16}}],"line":56},"6":{"loc":{"start":{"line":73,"column":15},"end":{"line":77,"column":15}},"type":"binary-expr","locations":[{"start":{"line":73,"column":15},"end":{"line":73,"column":31}},{"start":{"line":74,"column":16},"end":{"line":76,"column":22}}],"line":73},"7":{"loc":{"start":{"line":78,"column":15},"end":{"line":85,"column":15}},"type":"binary-expr","locations":[{"start":{"line":78,"column":15},"end":{"line":78,"column":31}},{"start":{"line":79,"column":16},"end":{"line":84,"column":22}}],"line":78},"8":{"loc":{"start":{"line":91,"column":15},"end":{"line":97,"column":13}},"type":"binary-expr","locations":[{"start":{"line":91,"column":17},"end":{"line":91,"column":31}},{"start":{"line":91,"column":35},"end":{"line":91,"column":60}},{"start":{"line":91,"column":66},"end":{"line":91,"column":81}},{"start":{"line":91,"column":85},"end":{"line":91,"column":111}},{"start":{"line":93,"column":14},"end":{"line":96,"column":20}}],"line":91},"9":{"loc":{"start":{"line":94,"column":54},"end":{"line":94,"column":85}},"type":"cond-expr","locations":[{"start":{"line":94,"column":72},"end":{"line":94,"column":78}},{"start":{"line":94,"column":81},"end":{"line":94,"column":85}}],"line":94},"10":{"loc":{"start":{"line":105,"column":15},"end":{"line":109,"column":15}},"type":"binary-expr","locations":[{"start":{"line":105,"column":15},"end":{"line":105,"column":27}},{"start":{"line":105,"column":31},"end":{"line":105,"column":54}},{"start":{"line":106,"column":16},"end":{"line":108,"column":22}}],"line":105},"11":{"loc":{"start":{"line":111,"column":15},"end":{"line":128,"column":15}},"type":"binary-expr","locations":[{"start":{"line":111,"column":15},"end":{"line":111,"column":28}},{"start":{"line":111,"column":32},"end":{"line":111,"column":56}},{"start":{"line":112,"column":16},"end":{"line":127,"column":22}}],"line":111},"12":{"loc":{"start":{"line":121,"column":29},"end":{"line":121,"column":106}},"type":"binary-expr","locations":[{"start":{"line":121,"column":30},"end":{"line":121,"column":46}},{"start":{"line":121,"column":50},"end":{"line":121,"column":77}},{"start":{"line":121,"column":82},"end":{"line":121,"column":106}}],"line":121},"13":{"loc":{"start":{"line":130,"column":15},"end":{"line":138,"column":15}},"type":"binary-expr","locations":[{"start":{"line":130,"column":15},"end":{"line":130,"column":34}},{"start":{"line":131,"column":16},"end":{"line":137,"column":22}}],"line":130}},"s":{"0":1,"1":0,"2":0,"3":0,"4":0,"5":0,"6":1},"f":{"0":0,"1":0,"2":0,"3":0},"b":{"0":[0,0,0],"1":[0,0],"2":[0,0,0],"3":[0,0,0],"4":[0,0,0],"5":[0,0],"6":[0,0],"7":[0,0],"8":[0,0,0,0,0],"9":[0,0],"10":[0,0,0],"11":[0,0,0],"12":[0,0,0],"13":[0,0]},"_coverageSchema":"332fd63041d2c1bcb487cc26dd0d5f7d97098a6c","hash":"8bd05d3b0666062f50fe39f007206f98383e3f2d"}
,"/Users/brucemakallan/Desktop/programming/clients/ugandaswimming/usf/src/components/Carousel/index.js": {"path":"/Users/brucemakallan/Desktop/programming/clients/ugandaswimming/usf/src/components/Carousel/index.js","statementMap":{"0":{"start":{"line":4,"column":19},"end":{"line":4,"column":46}},"1":{"start":{"line":4,"column":25},"end":{"line":4,"column":46}},"2":{"start":{"line":6,"column":17},"end":{"line":41,"column":1}},"3":{"start":{"line":7,"column":2},"end":{"line":40,"column":8}},"4":{"start":{"line":10,"column":8},"end":{"line":15,"column":10}},"5":{"start":{"line":21,"column":8},"end":{"line":28,"column":14}},"6":{"start":{"line":43,"column":0},"end":{"line":47,"column":2}},"7":{"start":{"line":49,"column":0},"end":{"line":51,"column":2}}},"fnMap":{"0":{"name":"(anonymous_0)","decl":{"start":{"line":4,"column":19},"end":{"line":4,"column":20}},"loc":{"start":{"line":4,"column":25},"end":{"line":4,"column":46}},"line":4},"1":{"name":"(anonymous_1)","decl":{"start":{"line":6,"column":17},"end":{"line":6,"column":18}},"loc":{"start":{"line":7,"column":2},"end":{"line":40,"column":8}},"line":7},"2":{"name":"(anonymous_2)","decl":{"start":{"line":9,"column":21},"end":{"line":9,"column":22}},"loc":{"start":{"line":10,"column":8},"end":{"line":15,"column":10}},"line":10},"3":{"name":"(anonymous_3)","decl":{"start":{"line":20,"column":21},"end":{"line":20,"column":22}},"loc":{"start":{"line":21,"column":8},"end":{"line":28,"column":14}},"line":21}},"branchMap":{"0":{"loc":{"start":{"line":13,"column":21},"end":{"line":13,"column":48}},"type":"cond-expr","locations":[{"start":{"line":13,"column":35},"end":{"line":13,"column":43}},{"start":{"line":13,"column":46},"end":{"line":13,"column":48}}],"line":13},"1":{"loc":{"start":{"line":21,"column":24},"end":{"line":21,"column":78}},"type":"cond-expr","locations":[{"start":{"line":21,"column":38},"end":{"line":21,"column":60}},{"start":{"line":21,"column":63},"end":{"line":21,"column":78}}],"line":21},"2":{"loc":{"start":{"line":23,"column":11},"end":{"line":27,"column":11}},"type":"binary-expr","locations":[{"start":{"line":23,"column":11},"end":{"line":23,"column":19}},{"start":{"line":23,"column":23},"end":{"line":23,"column":38}},{"start":{"line":24,"column":12},"end":{"line":26,"column":18}}],"line":23}},"s":{"0":4,"1":11,"2":4,"3":3,"4":2,"5":2,"6":4,"7":4},"f":{"0":11,"1":3,"2":2,"3":2},"b":{"0":[2,0],"1":[2,0],"2":[2,2,0]},"_coverageSchema":"332fd63041d2c1bcb487cc26dd0d5f7d97098a6c","hash":"53951190f7dc25140b972d88b4624402f934c735"}
,"/Users/brucemakallan/Desktop/programming/clients/ugandaswimming/usf/src/components/Dasboard/index.js": {"path":"/Users/brucemakallan/Desktop/programming/clients/ugandaswimming/usf/src/components/Dasboard/index.js","statementMap":{"0":{"start":{"line":19,"column":4},"end":{"line":19,"column":9}},"1":{"start":{"line":21,"column":18},"end":{"line":38,"column":1}},"2":{"start":{"line":22,"column":2},"end":{"line":37,"column":19}}},"fnMap":{"0":{"name":"(anonymous_0)","decl":{"start":{"line":21,"column":18},"end":{"line":21,"column":19}},"loc":{"start":{"line":22,"column":2},"end":{"line":37,"column":19}},"line":22}},"branchMap":{},"s":{"0":2,"1":2,"2":2},"f":{"0":2},"b":{},"_coverageSchema":"332fd63041d2c1bcb487cc26dd0d5f7d97098a6c","hash":"0cc0e575cac5a288763c80b99cd12fc7149ecd6a"}
,"/Users/brucemakallan/Desktop/programming/clients/ugandaswimming/usf/src/components/DashboardHome/index.js": {"path":"/Users/brucemakallan/Desktop/programming/clients/ugandaswimming/usf/src/components/DashboardHome/index.js","statementMap":{"0":{"start":{"line":3,"column":22},"end":{"line":13,"column":1}},"1":{"start":{"line":4,"column":2},"end":{"line":12,"column":8}}},"fnMap":{"0":{"name":"(anonymous_0)","decl":{"start":{"line":3,"column":22},"end":{"line":3,"column":23}},"loc":{"start":{"line":4,"column":2},"end":{"line":12,"column":8}},"line":4}},"branchMap":{},"s":{"0":3,"1":1},"f":{"0":1},"b":{},"_coverageSchema":"332fd63041d2c1bcb487cc26dd0d5f7d97098a6c","hash":"faa7da83a309b096003a0f579158ec5b8807a8a0"}
,"/Users/brucemakallan/Desktop/programming/clients/ugandaswimming/usf/src/components/EventCard/index.jsx": {"path":"/Users/brucemakallan/Desktop/programming/clients/ugandaswimming/usf/src/components/EventCard/index.jsx","statementMap":{"0":{"start":{"line":11,"column":0},"end":{"line":11,"column":28}},"1":{"start":{"line":13,"column":24},"end":{"line":26,"column":1}},"2":{"start":{"line":14,"column":2},"end":{"line":25,"column":3}},"3":{"start":{"line":28,"column":18},"end":{"line":47,"column":1}},"4":{"start":{"line":29,"column":2},"end":{"line":46,"column":4}},"5":{"start":{"line":30,"column":4},"end":{"line":45,"column":5}},"6":{"start":{"line":49,"column":0},"end":{"line":51,"column":2}}},"fnMap":{"0":{"name":"(anonymous_0)","decl":{"start":{"line":13,"column":24},"end":{"line":13,"column":25}},"loc":{"start":{"line":14,"column":2},"end":{"line":25,"column":3}},"line":14},"1":{"name":"(anonymous_1)","decl":{"start":{"line":28,"column":18},"end":{"line":28,"column":19}},"loc":{"start":{"line":29,"column":2},"end":{"line":46,"column":4}},"line":29},"2":{"name":"(anonymous_2)","decl":{"start":{"line":29,"column":13},"end":{"line":29,"column":14}},"loc":{"start":{"line":30,"column":4},"end":{"line":45,"column":5}},"line":30}},"branchMap":{"0":{"loc":{"start":{"line":14,"column":2},"end":{"line":25,"column":3}},"type":"binary-expr","locations":[{"start":{"line":14,"column":2},"end":{"line":14,"column":6}},{"start":{"line":14,"column":10},"end":{"line":14,"column":25}},{"start":{"line":15,"column":4},"end":{"line":24,"column":10}}],"line":14},"1":{"loc":{"start":{"line":30,"column":4},"end":{"line":45,"column":5}},"type":"binary-expr","locations":[{"start":{"line":30,"column":4},"end":{"line":30,"column":18}},{"start":{"line":31,"column":6},"end":{"line":44,"column":12}}],"line":30},"2":{"loc":{"start":{"line":41,"column":13},"end":{"line":41,"column":52}},"type":"cond-expr","locations":[{"start":{"line":41,"column":30},"end":{"line":41,"column":44}},{"start":{"line":41,"column":47},"end":{"line":41,"column":52}}],"line":41}},"s":{"0":1,"1":1,"2":0,"3":1,"4":0,"5":0,"6":1},"f":{"0":0,"1":0,"2":0},"b":{"0":[0,0,0],"1":[0,0],"2":[0,0]},"_coverageSchema":"332fd63041d2c1bcb487cc26dd0d5f7d97098a6c","hash":"894777706f8f952186293858b141fd133b88131b"}
,"/Users/brucemakallan/Desktop/programming/clients/ugandaswimming/usf/src/components/FeaturedPhotos/index.jsx": {"path":"/Users/brucemakallan/Desktop/programming/clients/ugandaswimming/usf/src/components/FeaturedPhotos/index.jsx","statementMap":{"0":{"start":{"line":5,"column":16},"end":{"line":5,"column":56}},"1":{"start":{"line":6,"column":13},"end":{"line":6,"column":30}},"2":{"start":{"line":10,"column":19},"end":{"line":10,"column":36}},"3":{"start":{"line":11,"column":4},"end":{"line":23,"column":6}},"4":{"start":{"line":14,"column":10},"end":{"line":20,"column":16}},"5":{"start":{"line":16,"column":14},"end":{"line":18,"column":20}},"6":{"start":{"line":27,"column":25},"end":{"line":27,"column":35}},"7":{"start":{"line":28,"column":19},"end":{"line":28,"column":21}},"8":{"start":{"line":29,"column":4},"end":{"line":29,"column":60}},"9":{"start":{"line":29,"column":28},"end":{"line":29,"column":58}},"10":{"start":{"line":30,"column":30},"end":{"line":30,"column":31}},"11":{"start":{"line":31,"column":27},"end":{"line":31,"column":104}},"12":{"start":{"line":33,"column":4},"end":{"line":37,"column":6}},"13":{"start":{"line":41,"column":0},"end":{"line":43,"column":2}}},"fnMap":{"0":{"name":"(anonymous_0)","decl":{"start":{"line":9,"column":20},"end":{"line":9,"column":21}},"loc":{"start":{"line":9,"column":38},"end":{"line":24,"column":3}},"line":9},"1":{"name":"(anonymous_1)","decl":{"start":{"line":13,"column":21},"end":{"line":13,"column":22}},"loc":{"start":{"line":14,"column":10},"end":{"line":20,"column":16}},"line":14},"2":{"name":"(anonymous_2)","decl":{"start":{"line":15,"column":22},"end":{"line":15,"column":23}},"loc":{"start":{"line":16,"column":14},"end":{"line":18,"column":20}},"line":16},"3":{"name":"(anonymous_3)","decl":{"start":{"line":26,"column":2},"end":{"line":26,"column":3}},"loc":{"start":{"line":26,"column":11},"end":{"line":38,"column":3}},"line":26},"4":{"name":"(anonymous_4)","decl":{"start":{"line":29,"column":17},"end":{"line":29,"column":18}},"loc":{"start":{"line":29,"column":28},"end":{"line":29,"column":58}},"line":29}},"branchMap":{"0":{"loc":{"start":{"line":31,"column":27},"end":{"line":31,"column":104}},"type":"cond-expr","locations":[{"start":{"line":31,"column":63},"end":{"line":31,"column":95}},{"start":{"line":31,"column":98},"end":{"line":31,"column":104}}],"line":31}},"s":{"0":1,"1":1,"2":0,"3":0,"4":0,"5":0,"6":0,"7":0,"8":0,"9":0,"10":0,"11":0,"12":0,"13":1},"f":{"0":0,"1":0,"2":0,"3":0,"4":0},"b":{"0":[0,0]},"_coverageSchema":"332fd63041d2c1bcb487cc26dd0d5f7d97098a6c","hash":"140aae0fcac838366a5702cd29617289e41525ac"}
,"/Users/brucemakallan/Desktop/programming/clients/ugandaswimming/usf/src/components/FeaturedVideos/index.jsx": {"path":"/Users/brucemakallan/Desktop/programming/clients/ugandaswimming/usf/src/components/FeaturedVideos/index.jsx","statementMap":{"0":{"start":{"line":7,"column":23},"end":{"line":30,"column":1}},"1":{"start":{"line":8,"column":17},"end":{"line":8,"column":19}},"2":{"start":{"line":9,"column":2},"end":{"line":9,"column":58}},"3":{"start":{"line":9,"column":26},"end":{"line":9,"column":56}},"4":{"start":{"line":10,"column":28},"end":{"line":10,"column":29}},"5":{"start":{"line":11,"column":25},"end":{"line":11,"column":102}},"6":{"start":{"line":13,"column":2},"end":{"line":29,"column":4}},"7":{"start":{"line":16,"column":8},"end":{"line":26,"column":14}},"8":{"start":{"line":32,"column":0},"end":{"line":34,"column":2}}},"fnMap":{"0":{"name":"(anonymous_0)","decl":{"start":{"line":7,"column":23},"end":{"line":7,"column":24}},"loc":{"start":{"line":7,"column":41},"end":{"line":30,"column":1}},"line":7},"1":{"name":"(anonymous_1)","decl":{"start":{"line":9,"column":15},"end":{"line":9,"column":16}},"loc":{"start":{"line":9,"column":26},"end":{"line":9,"column":56}},"line":9},"2":{"name":"(anonymous_2)","decl":{"start":{"line":15,"column":26},"end":{"line":15,"column":27}},"loc":{"start":{"line":16,"column":8},"end":{"line":26,"column":14}},"line":16}},"branchMap":{"0":{"loc":{"start":{"line":11,"column":25},"end":{"line":11,"column":102}},"type":"cond-expr","locations":[{"start":{"line":11,"column":61},"end":{"line":11,"column":93}},{"start":{"line":11,"column":96},"end":{"line":11,"column":102}}],"line":11},"1":{"loc":{"start":{"line":20,"column":15},"end":{"line":21,"column":86}},"type":"binary-expr","locations":[{"start":{"line":20,"column":15},"end":{"line":20,"column":34}},{"start":{"line":21,"column":21},"end":{"line":21,"column":86}}],"line":20},"2":{"loc":{"start":{"line":22,"column":15},"end":{"line":23,"column":98}},"type":"binary-expr","locations":[{"start":{"line":22,"column":15},"end":{"line":22,"column":40}},{"start":{"line":23,"column":21},"end":{"line":23,"column":98}}],"line":22}},"s":{"0":1,"1":0,"2":0,"3":0,"4":0,"5":0,"6":0,"7":0,"8":1},"f":{"0":0,"1":0,"2":0},"b":{"0":[0,0],"1":[0,0],"2":[0,0]},"_coverageSchema":"332fd63041d2c1bcb487cc26dd0d5f7d97098a6c","hash":"ac58c3db4570082a45896bcb4e158aa99b23081a"}
,"/Users/brucemakallan/Desktop/programming/clients/ugandaswimming/usf/src/components/Home/index.js": {"path":"/Users/brucemakallan/Desktop/programming/clients/ugandaswimming/usf/src/components/Home/index.js","statementMap":{"0":{"start":{"line":15,"column":26},"end":{"line":15,"column":27}},"1":{"start":{"line":17,"column":27},"end":{"line":19,"column":2}},"2":{"start":{"line":17,"column":35},"end":{"line":19,"column":1}},"3":{"start":{"line":21,"column":33},"end":{"line":23,"column":1}},"4":{"start":{"line":25,"column":28},"end":{"line":48,"column":1}},"5":{"start":{"line":26,"column":2},"end":{"line":47,"column":5}},"6":{"start":{"line":32,"column":12},"end":{"line":43,"column":16}},"7":{"start":{"line":50,"column":29},"end":{"line":72,"column":1}},"8":{"start":{"line":51,"column":2},"end":{"line":71,"column":5}},"9":{"start":{"line":58,"column":14},"end":{"line":66,"column":18}},"10":{"start":{"line":83,"column":18},"end":{"line":83,"column":46}},"11":{"start":{"line":84,"column":16},"end":{"line":84,"column":41}},"12":{"start":{"line":85,"column":4},"end":{"line":90,"column":7}},"13":{"start":{"line":103,"column":8},"end":{"line":103,"column":18}},"14":{"start":{"line":104,"column":43},"end":{"line":104,"column":53}},"15":{"start":{"line":105,"column":30},"end":{"line":105,"column":56}},"16":{"start":{"line":107,"column":4},"end":{"line":211,"column":6}},"17":{"start":{"line":119,"column":50},"end":{"line":119,"column":101}},"18":{"start":{"line":215,"column":0},"end":{"line":224,"column":2}}},"fnMap":{"0":{"name":"(anonymous_0)","decl":{"start":{"line":17,"column":27},"end":{"line":17,"column":28}},"loc":{"start":{"line":17,"column":35},"end":{"line":19,"column":1}},"line":17},"1":{"name":"(anonymous_1)","decl":{"start":{"line":25,"column":28},"end":{"line":25,"column":29}},"loc":{"start":{"line":26,"column":2},"end":{"line":47,"column":5}},"line":26},"2":{"name":"(anonymous_2)","decl":{"start":{"line":31,"column":10},"end":{"line":31,"column":11}},"loc":{"start":{"line":32,"column":12},"end":{"line":43,"column":16}},"line":32},"3":{"name":"(anonymous_3)","decl":{"start":{"line":50,"column":29},"end":{"line":50,"column":30}},"loc":{"start":{"line":51,"column":2},"end":{"line":71,"column":5}},"line":51},"4":{"name":"(anonymous_4)","decl":{"start":{"line":57,"column":12},"end":{"line":57,"column":13}},"loc":{"start":{"line":58,"column":14},"end":{"line":66,"column":18}},"line":58},"5":{"name":"(anonymous_5)","decl":{"start":{"line":82,"column":17},"end":{"line":82,"column":18}},"loc":{"start":{"line":82,"column":35},"end":{"line":91,"column":3}},"line":82},"6":{"name":"(anonymous_6)","decl":{"start":{"line":93,"column":2},"end":{"line":93,"column":3}},"loc":{"start":{"line":93,"column":11},"end":{"line":212,"column":3}},"line":93},"7":{"name":"(anonymous_7)","decl":{"start":{"line":119,"column":39},"end":{"line":119,"column":40}},"loc":{"start":{"line":119,"column":50},"end":{"line":119,"column":101}},"line":119},"8":{"name":"(anonymous_8)","decl":{"start":{"line":170,"column":26},"end":{"line":170,"column":27}},"loc":{"start":{"line":170,"column":32},"end":{"line":170,"column":34}},"line":170}},"branchMap":{"0":{"loc":{"start":{"line":26,"column":2},"end":{"line":47,"column":5}},"type":"binary-expr","locations":[{"start":{"line":26,"column":2},"end":{"line":26,"column":6}},{"start":{"line":26,"column":10},"end":{"line":26,"column":17}},{"start":{"line":26,"column":21},"end":{"line":26,"column":34}},{"start":{"line":26,"column":38},"end":{"line":26,"column":62}},{"start":{"line":26,"column":66},"end":{"line":26,"column":82}},{"start":{"line":28,"column":6},"end":{"line":46,"column":12}}],"line":26},"1":{"loc":{"start":{"line":51,"column":2},"end":{"line":71,"column":5}},"type":"binary-expr","locations":[{"start":{"line":51,"column":2},"end":{"line":51,"column":6}},{"start":{"line":51,"column":10},"end":{"line":51,"column":17}},{"start":{"line":51,"column":21},"end":{"line":51,"column":34}},{"start":{"line":51,"column":38},"end":{"line":51,"column":62}},{"start":{"line":51,"column":66},"end":{"line":51,"column":82}},{"start":{"line":53,"column":6},"end":{"line":70,"column":12}}],"line":51},"2":{"loc":{"start":{"line":116,"column":11},"end":{"line":139,"column":13}},"type":"cond-expr","locations":[{"start":{"line":118,"column":14},"end":{"line":133,"column":20}},{"start":{"line":135,"column":14},"end":{"line":138,"column":21}}],"line":116},"3":{"loc":{"start":{"line":116,"column":12},"end":{"line":116,"column":61}},"type":"binary-expr","locations":[{"start":{"line":116,"column":12},"end":{"line":116,"column":29}},{"start":{"line":116,"column":33},"end":{"line":116,"column":61}}],"line":116},"4":{"loc":{"start":{"line":141,"column":11},"end":{"line":174,"column":11}},"type":"binary-expr","locations":[{"start":{"line":141,"column":11},"end":{"line":141,"column":17}},{"start":{"line":141,"column":21},"end":{"line":141,"column":38}},{"start":{"line":142,"column":12},"end":{"line":173,"column":18}}],"line":141},"5":{"loc":{"start":{"line":150,"column":15},"end":{"line":159,"column":15}},"type":"binary-expr","locations":[{"start":{"line":150,"column":15},"end":{"line":150,"column":24}},{"start":{"line":150,"column":28},"end":{"line":150,"column":40}},{"start":{"line":151,"column":16},"end":{"line":158,"column":22}}],"line":150},"6":{"loc":{"start":{"line":177,"column":9},"end":{"line":186,"column":9}},"type":"binary-expr","locations":[{"start":{"line":177,"column":9},"end":{"line":177,"column":14}},{"start":{"line":177,"column":18},"end":{"line":177,"column":34}},{"start":{"line":178,"column":11},"end":{"line":178,"column":26}},{"start":{"line":178,"column":30},"end":{"line":178,"column":56}},{"start":{"line":179,"column":11},"end":{"line":179,"column":24}},{"start":{"line":179,"column":28},"end":{"line":179,"column":52}},{"start":{"line":181,"column":10},"end":{"line":185,"column":20}}],"line":177},"7":{"loc":{"start":{"line":188,"column":9},"end":{"line":203,"column":9}},"type":"binary-expr","locations":[{"start":{"line":188,"column":9},"end":{"line":188,"column":17}},{"start":{"line":188,"column":21},"end":{"line":188,"column":40}},{"start":{"line":189,"column":10},"end":{"line":202,"column":27}}],"line":188}},"s":{"0":1,"1":1,"2":0,"3":1,"4":1,"5":0,"6":0,"7":1,"8":0,"9":0,"10":0,"11":0,"12":0,"13":1,"14":1,"15":1,"16":1,"17":0,"18":1},"f":{"0":0,"1":0,"2":0,"3":0,"4":0,"5":0,"6":1,"7":0,"8":0},"b":{"0":[0,0,0,0,0,0],"1":[0,0,0,0,0,0],"2":[0,1],"3":[1,1],"4":[1,1,0],"5":[0,0,0],"6":[1,1,0,0,0,0,0],"7":[1,1,0]},"_coverageSchema":"332fd63041d2c1bcb487cc26dd0d5f7d97098a6c","hash":"3dcedce55056a3212ea4307746384d8404288e2b"}
,"/Users/brucemakallan/Desktop/programming/clients/ugandaswimming/usf/src/components/Modal/index.js": {"path":"/Users/brucemakallan/Desktop/programming/clients/ugandaswimming/usf/src/components/Modal/index.js","statementMap":{"0":{"start":{"line":8,"column":0},"end":{"line":8,"column":21}},"1":{"start":{"line":10,"column":21},"end":{"line":19,"column":1}},"2":{"start":{"line":21,"column":14},"end":{"line":47,"column":1}},"3":{"start":{"line":24,"column":2},"end":{"line":46,"column":8}},"4":{"start":{"line":43,"column":79},"end":{"line":43,"column":90}},"5":{"start":{"line":49,"column":0},"end":{"line":58,"column":2}}},"fnMap":{"0":{"name":"(anonymous_0)","decl":{"start":{"line":21,"column":14},"end":{"line":21,"column":15}},"loc":{"start":{"line":24,"column":2},"end":{"line":46,"column":8}},"line":24},"1":{"name":"(anonymous_1)","decl":{"start":{"line":43,"column":73},"end":{"line":43,"column":74}},"loc":{"start":{"line":43,"column":79},"end":{"line":43,"column":90}},"line":43}},"branchMap":{},"s":{"0":4,"1":4,"2":4,"3":2,"4":0,"5":4},"f":{"0":2,"1":0},"b":{},"_coverageSchema":"332fd63041d2c1bcb487cc26dd0d5f7d97098a6c","hash":"a3f0be17c4790751172e2c6d8a8bec9a9f6364fa"}
,"/Users/brucemakallan/Desktop/programming/clients/ugandaswimming/usf/src/components/NavBar/index.js": {"path":"/Users/brucemakallan/Desktop/programming/clients/ugandaswimming/usf/src/components/NavBar/index.js","statementMap":{"0":{"start":{"line":10,"column":0},"end":{"line":10,"column":22}},"1":{"start":{"line":12,"column":18},"end":{"line":12,"column":22}},"2":{"start":{"line":13,"column":20},"end":{"line":13,"column":44}},"3":{"start":{"line":16,"column":35},"end":{"line":16,"column":70}},"4":{"start":{"line":19,"column":62},"end":{"line":19,"column":72}},"5":{"start":{"line":21,"column":4},"end":{"line":142,"column":6}},"6":{"start":{"line":91,"column":18},"end":{"line":91,"column":114}},"7":{"start":{"line":133,"column":18},"end":{"line":135,"column":24}},"8":{"start":{"line":146,"column":0},"end":{"line":149,"column":2}},"9":{"start":{"line":150,"column":0},"end":{"line":157,"column":2}}},"fnMap":{"0":{"name":"(anonymous_0)","decl":{"start":{"line":16,"column":14},"end":{"line":16,"column":15}},"loc":{"start":{"line":16,"column":35},"end":{"line":16,"column":70}},"line":16},"1":{"name":"(anonymous_1)","decl":{"start":{"line":18,"column":2},"end":{"line":18,"column":3}},"loc":{"start":{"line":18,"column":11},"end":{"line":143,"column":3}},"line":18},"2":{"name":"(anonymous_2)","decl":{"start":{"line":90,"column":67},"end":{"line":90,"column":68}},"loc":{"start":{"line":91,"column":18},"end":{"line":91,"column":114}},"line":91},"3":{"name":"(anonymous_3)","decl":{"start":{"line":132,"column":37},"end":{"line":132,"column":38}},"loc":{"start":{"line":133,"column":18},"end":{"line":135,"column":24}},"line":133}},"branchMap":{"0":{"loc":{"start":{"line":16,"column":35},"end":{"line":16,"column":70}},"type":"cond-expr","locations":[{"start":{"line":16,"column":57},"end":{"line":16,"column":65}},{"start":{"line":16,"column":68},"end":{"line":16,"column":70}}],"line":16},"1":{"loc":{"start":{"line":127,"column":9},"end":{"line":140,"column":9}},"type":"binary-expr","locations":[{"start":{"line":127,"column":9},"end":{"line":127,"column":17}},{"start":{"line":127,"column":21},"end":{"line":127,"column":36}},{"start":{"line":127,"column":40},"end":{"line":127,"column":66}},{"start":{"line":128,"column":10},"end":{"line":139,"column":16}}],"line":127},"2":{"loc":{"start":{"line":133,"column":65},"end":{"line":133,"column":93}},"type":"cond-expr","locations":[{"start":{"line":133,"column":79},"end":{"line":133,"column":88}},{"start":{"line":133,"column":91},"end":{"line":133,"column":93}}],"line":133}},"s":{"0":1,"1":1,"2":1,"3":1,"4":1,"5":1,"6":6,"7":0,"8":1,"9":1},"f":{"0":1,"1":1,"2":6,"3":0},"b":{"0":[1,0],"1":[1,0,0,0],"2":[0,0]},"_coverageSchema":"332fd63041d2c1bcb487cc26dd0d5f7d97098a6c","hash":"da73c991285d213b9a3f63aa5c6793121f3155aa"}
,"/Users/brucemakallan/Desktop/programming/clients/ugandaswimming/usf/src/components/Products/index.js": {"path":"/Users/brucemakallan/Desktop/programming/clients/ugandaswimming/usf/src/components/Products/index.js","statementMap":{"0":{"start":{"line":12,"column":0},"end":{"line":12,"column":41}},"1":{"start":{"line":14,"column":17},"end":{"line":76,"column":1}},"2":{"start":{"line":15,"column":2},"end":{"line":75,"column":8}},"3":{"start":{"line":24,"column":25},"end":{"line":24,"column":106}},"4":{"start":{"line":35,"column":31},"end":{"line":35,"column":97}},"5":{"start":{"line":44,"column":12},"end":{"line":68,"column":18}},"6":{"start":{"line":63,"column":31},"end":{"line":63,"column":44}},"7":{"start":{"line":78,"column":0},"end":{"line":81,"column":2}}},"fnMap":{"0":{"name":"(anonymous_0)","decl":{"start":{"line":14,"column":17},"end":{"line":14,"column":18}},"loc":{"start":{"line":15,"column":2},"end":{"line":75,"column":8}},"line":15},"1":{"name":"(anonymous_1)","decl":{"start":{"line":24,"column":8},"end":{"line":24,"column":9}},"loc":{"start":{"line":24,"column":25},"end":{"line":24,"column":106}},"line":24},"2":{"name":"(anonymous_2)","decl":{"start":{"line":35,"column":16},"end":{"line":35,"column":17}},"loc":{"start":{"line":35,"column":31},"end":{"line":35,"column":97}},"line":35},"3":{"name":"(anonymous_3)","decl":{"start":{"line":43,"column":16},"end":{"line":43,"column":17}},"loc":{"start":{"line":44,"column":12},"end":{"line":68,"column":18}},"line":44},"4":{"name":"(anonymous_4)","decl":{"start":{"line":63,"column":25},"end":{"line":63,"column":26}},"loc":{"start":{"line":63,"column":31},"end":{"line":63,"column":44}},"line":63}},"branchMap":{},"s":{"0":4,"1":4,"2":5,"3":0,"4":5,"5":5,"6":1,"7":4},"f":{"0":5,"1":0,"2":5,"3":5,"4":1},"b":{},"_coverageSchema":"332fd63041d2c1bcb487cc26dd0d5f7d97098a6c","hash":"9b04efb165cd312c0e790d1509049560bf2f57e6"}
,"/Users/brucemakallan/Desktop/programming/clients/ugandaswimming/usf/src/components/Products/productForm.js": {"path":"/Users/brucemakallan/Desktop/programming/clients/ugandaswimming/usf/src/components/Products/productForm.js","statementMap":{"0":{"start":{"line":14,"column":0},"end":{"line":14,"column":39}},"1":{"start":{"line":18,"column":21},"end":{"line":18,"column":46}},"2":{"start":{"line":19,"column":4},"end":{"line":34,"column":6}},"3":{"start":{"line":38,"column":4},"end":{"line":43,"column":21}},"4":{"start":{"line":47,"column":4},"end":{"line":59,"column":21}},"5":{"start":{"line":63,"column":4},"end":{"line":75,"column":21}},"6":{"start":{"line":71,"column":25},"end":{"line":71,"column":64}},"7":{"start":{"line":79,"column":4},"end":{"line":91,"column":21}},"8":{"start":{"line":95,"column":4},"end":{"line":123,"column":21}},"9":{"start":{"line":112,"column":22},"end":{"line":114,"column":31}},"10":{"start":{"line":119,"column":39},"end":{"line":119,"column":89}},"11":{"start":{"line":129,"column":4},"end":{"line":200,"column":21}},"12":{"start":{"line":135,"column":16},"end":{"line":184,"column":22}},"13":{"start":{"line":142,"column":37},"end":{"line":142,"column":67}},"14":{"start":{"line":150,"column":37},"end":{"line":150,"column":67}},"15":{"start":{"line":158,"column":37},"end":{"line":158,"column":67}},"16":{"start":{"line":168,"column":39},"end":{"line":168,"column":66}},"17":{"start":{"line":179,"column":35},"end":{"line":179,"column":58}},"18":{"start":{"line":195,"column":25},"end":{"line":195,"column":82}},"19":{"start":{"line":204,"column":4},"end":{"line":236,"column":21}},"20":{"start":{"line":209,"column":14},"end":{"line":221,"column":20}},"21":{"start":{"line":215,"column":33},"end":{"line":215,"column":56}},"22":{"start":{"line":231,"column":25},"end":{"line":231,"column":50}},"23":{"start":{"line":266,"column":4},"end":{"line":277,"column":10}},"24":{"start":{"line":297,"column":8},"end":{"line":297,"column":18}},"25":{"start":{"line":299,"column":23},"end":{"line":394,"column":5}},"26":{"start":{"line":396,"column":4},"end":{"line":439,"column":6}},"27":{"start":{"line":400,"column":40},"end":{"line":426,"column":11}},"28":{"start":{"line":433,"column":52},"end":{"line":433,"column":73}},"29":{"start":{"line":443,"column":0},"end":{"line":459,"column":2}},"30":{"start":{"line":460,"column":0},"end":{"line":466,"column":2}}},"fnMap":{"0":{"name":"(anonymous_0)","decl":{"start":{"line":17,"column":19},"end":{"line":17,"column":20}},"loc":{"start":{"line":17,"column":88},"end":{"line":35,"column":3}},"line":17},"1":{"name":"(anonymous_1)","decl":{"start":{"line":37,"column":16},"end":{"line":37,"column":17}},"loc":{"start":{"line":38,"column":4},"end":{"line":43,"column":21}},"line":38},"2":{"name":"(anonymous_2)","decl":{"start":{"line":46,"column":20},"end":{"line":46,"column":21}},"loc":{"start":{"line":47,"column":4},"end":{"line":59,"column":21}},"line":47},"3":{"name":"(anonymous_3)","decl":{"start":{"line":62,"column":20},"end":{"line":62,"column":21}},"loc":{"start":{"line":63,"column":4},"end":{"line":75,"column":21}},"line":63},"4":{"name":"(anonymous_4)","decl":{"start":{"line":71,"column":20},"end":{"line":71,"column":21}},"loc":{"start":{"line":71,"column":25},"end":{"line":71,"column":64}},"line":71},"5":{"name":"(anonymous_5)","decl":{"start":{"line":78,"column":19},"end":{"line":78,"column":20}},"loc":{"start":{"line":79,"column":4},"end":{"line":91,"column":21}},"line":79},"6":{"name":"(anonymous_6)","decl":{"start":{"line":94,"column":23},"end":{"line":94,"column":24}},"loc":{"start":{"line":95,"column":4},"end":{"line":123,"column":21}},"line":95},"7":{"name":"(anonymous_7)","decl":{"start":{"line":111,"column":20},"end":{"line":111,"column":21}},"loc":{"start":{"line":112,"column":22},"end":{"line":114,"column":31}},"line":112},"8":{"name":"(anonymous_8)","decl":{"start":{"line":119,"column":25},"end":{"line":119,"column":26}},"loc":{"start":{"line":119,"column":39},"end":{"line":119,"column":89}},"line":119},"9":{"name":"(anonymous_9)","decl":{"start":{"line":126,"column":30},"end":{"line":126,"column":31}},"loc":{"start":{"line":129,"column":4},"end":{"line":200,"column":21}},"line":129},"10":{"name":"(anonymous_10)","decl":{"start":{"line":134,"column":25},"end":{"line":134,"column":26}},"loc":{"start":{"line":135,"column":16},"end":{"line":184,"column":22}},"line":135},"11":{"name":"(anonymous_11)","decl":{"start":{"line":142,"column":32},"end":{"line":142,"column":33}},"loc":{"start":{"line":142,"column":37},"end":{"line":142,"column":67}},"line":142},"12":{"name":"(anonymous_12)","decl":{"start":{"line":150,"column":32},"end":{"line":150,"column":33}},"loc":{"start":{"line":150,"column":37},"end":{"line":150,"column":67}},"line":150},"13":{"name":"(anonymous_13)","decl":{"start":{"line":158,"column":32},"end":{"line":158,"column":33}},"loc":{"start":{"line":158,"column":37},"end":{"line":158,"column":67}},"line":158},"14":{"name":"(anonymous_14)","decl":{"start":{"line":168,"column":33},"end":{"line":168,"column":34}},"loc":{"start":{"line":168,"column":39},"end":{"line":168,"column":66}},"line":168},"15":{"name":"(anonymous_15)","decl":{"start":{"line":179,"column":29},"end":{"line":179,"column":30}},"loc":{"start":{"line":179,"column":35},"end":{"line":179,"column":58}},"line":179},"16":{"name":"(anonymous_16)","decl":{"start":{"line":195,"column":19},"end":{"line":195,"column":20}},"loc":{"start":{"line":195,"column":25},"end":{"line":195,"column":82}},"line":195},"17":{"name":"(anonymous_17)","decl":{"start":{"line":203,"column":22},"end":{"line":203,"column":23}},"loc":{"start":{"line":204,"column":4},"end":{"line":236,"column":21}},"line":204},"18":{"name":"(anonymous_18)","decl":{"start":{"line":208,"column":23},"end":{"line":208,"column":24}},"loc":{"start":{"line":209,"column":14},"end":{"line":221,"column":20}},"line":209},"19":{"name":"(anonymous_19)","decl":{"start":{"line":215,"column":27},"end":{"line":215,"column":28}},"loc":{"start":{"line":215,"column":33},"end":{"line":215,"column":56}},"line":215},"20":{"name":"(anonymous_20)","decl":{"start":{"line":231,"column":19},"end":{"line":231,"column":20}},"loc":{"start":{"line":231,"column":25},"end":{"line":231,"column":50}},"line":231},"21":{"name":"(anonymous_21)","decl":{"start":{"line":239,"column":24},"end":{"line":239,"column":25}},"loc":{"start":{"line":266,"column":4},"end":{"line":277,"column":10}},"line":266},"22":{"name":"(anonymous_22)","decl":{"start":{"line":280,"column":2},"end":{"line":280,"column":3}},"loc":{"start":{"line":280,"column":11},"end":{"line":440,"column":3}},"line":280},"23":{"name":"(anonymous_23)","decl":{"start":{"line":400,"column":26},"end":{"line":400,"column":27}},"loc":{"start":{"line":400,"column":40},"end":{"line":426,"column":11}},"line":400},"24":{"name":"(anonymous_24)","decl":{"start":{"line":433,"column":43},"end":{"line":433,"column":44}},"loc":{"start":{"line":433,"column":52},"end":{"line":433,"column":73}},"line":433}},"branchMap":{"0":{"loc":{"start":{"line":21,"column":9},"end":{"line":32,"column":9}},"type":"binary-expr","locations":[{"start":{"line":21,"column":9},"end":{"line":21,"column":19}},{"start":{"line":22,"column":10},"end":{"line":31,"column":16}}],"line":21},"1":{"loc":{"start":{"line":41,"column":9},"end":{"line":41,"column":69}},"type":"binary-expr","locations":[{"start":{"line":41,"column":9},"end":{"line":41,"column":17}},{"start":{"line":41,"column":21},"end":{"line":41,"column":69}}],"line":41},"2":{"loc":{"start":{"line":48,"column":7},"end":{"line":58,"column":7}},"type":"binary-expr","locations":[{"start":{"line":48,"column":7},"end":{"line":48,"column":18}},{"start":{"line":49,"column":8},"end":{"line":57,"column":10}}],"line":48},"3":{"loc":{"start":{"line":50,"column":16},"end":{"line":50,"column":44}},"type":"cond-expr","locations":[{"start":{"line":50,"column":27},"end":{"line":50,"column":35}},{"start":{"line":50,"column":38},"end":{"line":50,"column":44}}],"line":50},"4":{"loc":{"start":{"line":56,"column":24},"end":{"line":56,"column":47}},"type":"binary-expr","locations":[{"start":{"line":56,"column":25},"end":{"line":56,"column":31}},{"start":{"line":56,"column":35},"end":{"line":56,"column":40}},{"start":{"line":56,"column":45},"end":{"line":56,"column":47}}],"line":56},"5":{"loc":{"start":{"line":64,"column":7},"end":{"line":74,"column":7}},"type":"binary-expr","locations":[{"start":{"line":64,"column":7},"end":{"line":64,"column":18}},{"start":{"line":65,"column":8},"end":{"line":73,"column":10}}],"line":64},"6":{"loc":{"start":{"line":72,"column":24},"end":{"line":72,"column":87}},"type":"binary-expr","locations":[{"start":{"line":72,"column":25},"end":{"line":72,"column":31}},{"start":{"line":72,"column":35},"end":{"line":72,"column":40}},{"start":{"line":72,"column":44},"end":{"line":72,"column":80}},{"start":{"line":72,"column":85},"end":{"line":72,"column":87}}],"line":72},"7":{"loc":{"start":{"line":80,"column":7},"end":{"line":90,"column":7}},"type":"binary-expr","locations":[{"start":{"line":80,"column":7},"end":{"line":80,"column":17}},{"start":{"line":81,"column":8},"end":{"line":89,"column":10}}],"line":80},"8":{"loc":{"start":{"line":88,"column":17},"end":{"line":88,"column":40}},"type":"binary-expr","locations":[{"start":{"line":88,"column":18},"end":{"line":88,"column":24}},{"start":{"line":88,"column":28},"end":{"line":88,"column":33}},{"start":{"line":88,"column":38},"end":{"line":88,"column":40}}],"line":88},"9":{"loc":{"start":{"line":96,"column":7},"end":{"line":122,"column":9}},"type":"binary-expr","locations":[{"start":{"line":96,"column":8},"end":{"line":96,"column":12}},{"start":{"line":96,"column":16},"end":{"line":96,"column":31}},{"start":{"line":98,"column":10},"end":{"line":121,"column":19}}],"line":96},"10":{"loc":{"start":{"line":104,"column":19},"end":{"line":104,"column":34}},"type":"binary-expr","locations":[{"start":{"line":104,"column":19},"end":{"line":104,"column":25}},{"start":{"line":104,"column":29},"end":{"line":104,"column":34}}],"line":104},"11":{"loc":{"start":{"line":106,"column":13},"end":{"line":119,"column":90}},"type":"cond-expr","locations":[{"start":{"line":108,"column":16},"end":{"line":117,"column":33}},{"start":{"line":119,"column":16},"end":{"line":119,"column":90}}],"line":106},"12":{"loc":{"start":{"line":106,"column":14},"end":{"line":106,"column":45}},"type":"binary-expr","locations":[{"start":{"line":106,"column":14},"end":{"line":106,"column":25}},{"start":{"line":106,"column":29},"end":{"line":106,"column":45}}],"line":106},"13":{"loc":{"start":{"line":113,"column":66},"end":{"line":113,"column":94}},"type":"cond-expr","locations":[{"start":{"line":113,"column":79},"end":{"line":113,"column":89}},{"start":{"line":113,"column":92},"end":{"line":113,"column":94}}],"line":113},"14":{"loc":{"start":{"line":130,"column":7},"end":{"line":188,"column":9}},"type":"binary-expr","locations":[{"start":{"line":130,"column":7},"end":{"line":130,"column":11}},{"start":{"line":130,"column":15},"end":{"line":130,"column":20}},{"start":{"line":130,"column":24},"end":{"line":130,"column":44}},{"start":{"line":132,"column":10},"end":{"line":187,"column":16}}],"line":130},"15":{"loc":{"start":{"line":143,"column":29},"end":{"line":143,"column":61}},"type":"binary-expr","locations":[{"start":{"line":143,"column":30},"end":{"line":143,"column":37}},{"start":{"line":143,"column":41},"end":{"line":143,"column":54}},{"start":{"line":143,"column":59},"end":{"line":143,"column":61}}],"line":143},"16":{"loc":{"start":{"line":151,"column":29},"end":{"line":151,"column":67}},"type":"binary-expr","locations":[{"start":{"line":151,"column":30},"end":{"line":151,"column":37}},{"start":{"line":151,"column":41},"end":{"line":151,"column":60}},{"start":{"line":151,"column":65},"end":{"line":151,"column":67}}],"line":151},"17":{"loc":{"start":{"line":159,"column":29},"end":{"line":159,"column":62}},"type":"binary-expr","locations":[{"start":{"line":159,"column":30},"end":{"line":159,"column":37}},{"start":{"line":159,"column":41},"end":{"line":159,"column":55}},{"start":{"line":159,"column":60},"end":{"line":159,"column":62}}],"line":159},"18":{"loc":{"start":{"line":162,"column":21},"end":{"line":173,"column":21}},"type":"binary-expr","locations":[{"start":{"line":162,"column":21},"end":{"line":162,"column":32}},{"start":{"line":163,"column":22},"end":{"line":172,"column":31}}],"line":162},"19":{"loc":{"start":{"line":190,"column":7},"end":{"line":199,"column":7}},"type":"binary-expr","locations":[{"start":{"line":190,"column":7},"end":{"line":190,"column":11}},{"start":{"line":191,"column":8},"end":{"line":198,"column":17}}],"line":190},"20":{"loc":{"start":{"line":205,"column":7},"end":{"line":225,"column":7}},"type":"binary-expr","locations":[{"start":{"line":205,"column":7},"end":{"line":205,"column":13}},{"start":{"line":205,"column":17},"end":{"line":205,"column":22}},{"start":{"line":205,"column":26},"end":{"line":205,"column":42}},{"start":{"line":206,"column":8},"end":{"line":224,"column":14}}],"line":205},"21":{"loc":{"start":{"line":226,"column":7},"end":{"line":235,"column":7}},"type":"binary-expr","locations":[{"start":{"line":226,"column":7},"end":{"line":226,"column":13}},{"start":{"line":227,"column":8},"end":{"line":234,"column":17}}],"line":226},"22":{"loc":{"start":{"line":303,"column":15},"end":{"line":303,"column":38}},"type":"binary-expr","locations":[{"start":{"line":303,"column":15},"end":{"line":303,"column":21}},{"start":{"line":303,"column":25},"end":{"line":303,"column":38}}],"line":303},"23":{"loc":{"start":{"line":310,"column":15},"end":{"line":310,"column":36}},"type":"binary-expr","locations":[{"start":{"line":310,"column":15},"end":{"line":310,"column":21}},{"start":{"line":310,"column":25},"end":{"line":310,"column":36}}],"line":310},"24":{"loc":{"start":{"line":316,"column":15},"end":{"line":316,"column":38}},"type":"binary-expr","locations":[{"start":{"line":316,"column":15},"end":{"line":316,"column":21}},{"start":{"line":316,"column":25},"end":{"line":316,"column":38}}],"line":316},"25":{"loc":{"start":{"line":322,"column":15},"end":{"line":322,"column":40}},"type":"binary-expr","locations":[{"start":{"line":322,"column":15},"end":{"line":322,"column":21}},{"start":{"line":322,"column":25},"end":{"line":322,"column":40}}],"line":322},"26":{"loc":{"start":{"line":329,"column":15},"end":{"line":329,"column":40}},"type":"binary-expr","locations":[{"start":{"line":329,"column":15},"end":{"line":329,"column":21}},{"start":{"line":329,"column":25},"end":{"line":329,"column":40}}],"line":329},"27":{"loc":{"start":{"line":335,"column":15},"end":{"line":335,"column":40}},"type":"binary-expr","locations":[{"start":{"line":335,"column":15},"end":{"line":335,"column":21}},{"start":{"line":335,"column":25},"end":{"line":335,"column":40}}],"line":335},"28":{"loc":{"start":{"line":341,"column":15},"end":{"line":341,"column":40}},"type":"binary-expr","locations":[{"start":{"line":341,"column":15},"end":{"line":341,"column":21}},{"start":{"line":341,"column":25},"end":{"line":341,"column":40}}],"line":341},"29":{"loc":{"start":{"line":347,"column":15},"end":{"line":347,"column":40}},"type":"binary-expr","locations":[{"start":{"line":347,"column":15},"end":{"line":347,"column":21}},{"start":{"line":347,"column":25},"end":{"line":347,"column":40}}],"line":347},"30":{"loc":{"start":{"line":353,"column":15},"end":{"line":353,"column":40}},"type":"binary-expr","locations":[{"start":{"line":353,"column":15},"end":{"line":353,"column":21}},{"start":{"line":353,"column":25},"end":{"line":353,"column":40}}],"line":353},"31":{"loc":{"start":{"line":359,"column":15},"end":{"line":359,"column":40}},"type":"binary-expr","locations":[{"start":{"line":359,"column":15},"end":{"line":359,"column":21}},{"start":{"line":359,"column":25},"end":{"line":359,"column":40}}],"line":359},"32":{"loc":{"start":{"line":365,"column":15},"end":{"line":365,"column":36}},"type":"binary-expr","locations":[{"start":{"line":365,"column":15},"end":{"line":365,"column":21}},{"start":{"line":365,"column":25},"end":{"line":365,"column":36}}],"line":365},"33":{"loc":{"start":{"line":372,"column":15},"end":{"line":372,"column":38}},"type":"binary-expr","locations":[{"start":{"line":372,"column":15},"end":{"line":372,"column":21}},{"start":{"line":372,"column":25},"end":{"line":372,"column":38}}],"line":372},"34":{"loc":{"start":{"line":378,"column":15},"end":{"line":378,"column":39}},"type":"binary-expr","locations":[{"start":{"line":378,"column":15},"end":{"line":378,"column":21}},{"start":{"line":378,"column":25},"end":{"line":378,"column":39}}],"line":378},"35":{"loc":{"start":{"line":384,"column":15},"end":{"line":384,"column":37}},"type":"binary-expr","locations":[{"start":{"line":384,"column":15},"end":{"line":384,"column":21}},{"start":{"line":384,"column":25},"end":{"line":384,"column":37}}],"line":384},"36":{"loc":{"start":{"line":391,"column":15},"end":{"line":391,"column":38}},"type":"binary-expr","locations":[{"start":{"line":391,"column":15},"end":{"line":391,"column":21}},{"start":{"line":391,"column":25},"end":{"line":391,"column":38}}],"line":391},"37":{"loc":{"start":{"line":432,"column":11},"end":{"line":436,"column":11}},"type":"binary-expr","locations":[{"start":{"line":432,"column":11},"end":{"line":432,"column":16}},{"start":{"line":433,"column":12},"end":{"line":435,"column":21}}],"line":432}},"s":{"0":5,"1":735,"2":735,"3":735,"4":735,"5":735,"6":0,"7":735,"8":735,"9":49,"10":784,"11":735,"12":28,"13":2,"14":0,"15":0,"16":0,"17":1,"18":4,"19":735,"20":15,"21":1,"22":2,"23":735,"24":49,"25":49,"26":49,"27":735,"28":0,"29":5,"30":5},"f":{"0":735,"1":735,"2":735,"3":735,"4":0,"5":735,"6":735,"7":49,"8":784,"9":735,"10":28,"11":2,"12":0,"13":0,"14":0,"15":1,"16":4,"17":735,"18":15,"19":1,"20":2,"21":735,"22":49,"23":735,"24":0},"b":{"0":[735,49],"1":[735,147],"2":[735,294],"3":[0,294],"4":[294,294,173],"5":[735,98],"6":[98,98,40,58],"7":[735,49],"8":[49,49,29],"9":[735,98,98],"10":[98,98],"11":[49,49],"12":[98,49],"13":[49,0],"14":[735,98,97,97],"15":[28,28,7],"16":[28,28,28],"17":[28,28,28],"18":[28,26],"19":[735,98],"20":[735,49,49,15],"21":[735,49],"22":[49,49],"23":[49,49],"24":[49,49],"25":[49,49],"26":[49,49],"27":[49,49],"28":[49,49],"29":[49,49],"30":[49,49],"31":[49,49],"32":[49,49],"33":[49,49],"34":[49,49],"35":[49,49],"36":[49,49],"37":[49,20]},"_coverageSchema":"332fd63041d2c1bcb487cc26dd0d5f7d97098a6c","hash":"4ff290a2b2362bfbfa8169bddc2a48a18eb08d41"}
,"/Users/brucemakallan/Desktop/programming/clients/ugandaswimming/usf/src/components/Sidebar/index.js": {"path":"/Users/brucemakallan/Desktop/programming/clients/ugandaswimming/usf/src/components/Sidebar/index.js","statementMap":{"0":{"start":{"line":12,"column":0},"end":{"line":14,"column":2}},"1":{"start":{"line":20,"column":4},"end":{"line":20,"column":9}},"2":{"start":{"line":22,"column":17},"end":{"line":26,"column":1}},"3":{"start":{"line":34,"column":23},"end":{"line":34,"column":81}},"4":{"start":{"line":37,"column":32},"end":{"line":37,"column":42}},"5":{"start":{"line":38,"column":4},"end":{"line":39,"column":29}},"6":{"start":{"line":38,"column":32},"end":{"line":38,"column":105}},"7":{"start":{"line":39,"column":9},"end":{"line":39,"column":29}},"8":{"start":{"line":43,"column":4},"end":{"line":43,"column":92}},"9":{"start":{"line":43,"column":76},"end":{"line":43,"column":92}},"10":{"start":{"line":44,"column":4},"end":{"line":44,"column":14}},"11":{"start":{"line":48,"column":4},"end":{"line":56,"column":11}},"12":{"start":{"line":60,"column":52},"end":{"line":60,"column":62}},"13":{"start":{"line":61,"column":44},"end":{"line":61,"column":54}},"14":{"start":{"line":63,"column":4},"end":{"line":72,"column":6}},"15":{"start":{"line":66,"column":32},"end":{"line":66,"column":93}},"16":{"start":{"line":76,"column":0},"end":{"line":78,"column":2}}},"fnMap":{"0":{"name":"(anonymous_0)","decl":{"start":{"line":34,"column":17},"end":{"line":34,"column":18}},"loc":{"start":{"line":34,"column":23},"end":{"line":34,"column":81}},"line":34},"1":{"name":"(anonymous_1)","decl":{"start":{"line":36,"column":21},"end":{"line":36,"column":22}},"loc":{"start":{"line":36,"column":27},"end":{"line":40,"column":3}},"line":36},"2":{"name":"(anonymous_2)","decl":{"start":{"line":42,"column":18},"end":{"line":42,"column":19}},"loc":{"start":{"line":42,"column":45},"end":{"line":45,"column":3}},"line":42},"3":{"name":"(anonymous_3)","decl":{"start":{"line":47,"column":18},"end":{"line":47,"column":19}},"loc":{"start":{"line":48,"column":4},"end":{"line":56,"column":11}},"line":48},"4":{"name":"(anonymous_4)","decl":{"start":{"line":59,"column":2},"end":{"line":59,"column":3}},"loc":{"start":{"line":59,"column":11},"end":{"line":73,"column":3}},"line":59},"5":{"name":"(anonymous_5)","decl":{"start":{"line":66,"column":24},"end":{"line":66,"column":25}},"loc":{"start":{"line":66,"column":32},"end":{"line":66,"column":93}},"line":66}},"branchMap":{"0":{"loc":{"start":{"line":38,"column":4},"end":{"line":39,"column":29}},"type":"if","locations":[{"start":{"line":38,"column":4},"end":{"line":39,"column":29}},{"start":{"line":38,"column":4},"end":{"line":39,"column":29}}],"line":38},"1":{"loc":{"start":{"line":43,"column":4},"end":{"line":43,"column":92}},"type":"if","locations":[{"start":{"line":43,"column":4},"end":{"line":43,"column":92}},{"start":{"line":43,"column":4},"end":{"line":43,"column":92}}],"line":43}},"s":{"0":3,"1":3,"2":3,"3":0,"4":0,"5":0,"6":0,"7":0,"8":9,"9":1,"10":8,"11":9,"12":3,"13":3,"14":3,"15":9,"16":3},"f":{"0":0,"1":0,"2":9,"3":9,"4":3,"5":9},"b":{"0":[0,0],"1":[1,8]},"_coverageSchema":"332fd63041d2c1bcb487cc26dd0d5f7d97098a6c","hash":"81e58031a1dc9def2c0b2baa21b3e5cae6f12854"}
,"/Users/brucemakallan/Desktop/programming/clients/ugandaswimming/usf/src/containers/Admin/index.js": {"path":"/Users/brucemakallan/Desktop/programming/clients/ugandaswimming/usf/src/containers/Admin/index.js","statementMap":{"0":{"start":{"line":17,"column":4},"end":{"line":17,"column":23}},"1":{"start":{"line":18,"column":28},"end":{"line":18,"column":36}},"2":{"start":{"line":19,"column":22},"end":{"line":19,"column":32}},"3":{"start":{"line":20,"column":4},"end":{"line":25,"column":7}},"4":{"start":{"line":29,"column":4},"end":{"line":29,"column":23}},"5":{"start":{"line":30,"column":22},"end":{"line":30,"column":32}},"6":{"start":{"line":31,"column":37},"end":{"line":31,"column":47}},"7":{"start":{"line":32,"column":4},"end":{"line":32,"column":54}},"8":{"start":{"line":36,"column":24},"end":{"line":36,"column":34}},"9":{"start":{"line":37,"column":4},"end":{"line":37,"column":37}},"10":{"start":{"line":38,"column":4},"end":{"line":38,"column":37}},"11":{"start":{"line":39,"column":4},"end":{"line":39,"column":39}},"12":{"start":{"line":43,"column":18},"end":{"line":43,"column":47}},"13":{"start":{"line":44,"column":4},"end":{"line":51,"column":6}},"14":{"start":{"line":55,"column":0},"end":{"line":58,"column":2}},"15":{"start":{"line":60,"column":24},"end":{"line":60,"column":34}},"16":{"start":{"line":60,"column":31},"end":{"line":60,"column":33}},"17":{"start":{"line":62,"column":27},"end":{"line":64,"column":1}}},"fnMap":{"0":{"name":"(anonymous_0)","decl":{"start":{"line":16,"column":19},"end":{"line":16,"column":20}},"loc":{"start":{"line":16,"column":26},"end":{"line":26,"column":3}},"line":16},"1":{"name":"(anonymous_1)","decl":{"start":{"line":28,"column":19},"end":{"line":28,"column":20}},"loc":{"start":{"line":28,"column":26},"end":{"line":33,"column":3}},"line":28},"2":{"name":"(anonymous_2)","decl":{"start":{"line":35,"column":17},"end":{"line":35,"column":18}},"loc":{"start":{"line":35,"column":23},"end":{"line":40,"column":3}},"line":35},"3":{"name":"(anonymous_3)","decl":{"start":{"line":42,"column":2},"end":{"line":42,"column":3}},"loc":{"start":{"line":42,"column":11},"end":{"line":52,"column":3}},"line":42},"4":{"name":"(anonymous_4)","decl":{"start":{"line":60,"column":24},"end":{"line":60,"column":25}},"loc":{"start":{"line":60,"column":31},"end":{"line":60,"column":33}},"line":60}},"branchMap":{},"s":{"0":0,"1":0,"2":0,"3":0,"4":0,"5":0,"6":0,"7":0,"8":0,"9":0,"10":0,"11":0,"12":0,"13":0,"14":2,"15":2,"16":0,"17":2},"f":{"0":0,"1":0,"2":0,"3":0,"4":0},"b":{},"_coverageSchema":"332fd63041d2c1bcb487cc26dd0d5f7d97098a6c","hash":"3bd97c5a80ca80e34ae0e874e820479d4b059675"}
,"/Users/brucemakallan/Desktop/programming/clients/ugandaswimming/usf/src/containers/App/index.js": {"path":"/Users/brucemakallan/Desktop/programming/clients/ugandaswimming/usf/src/containers/App/index.js","statementMap":{"0":{"start":{"line":16,"column":39},"end":{"line":16,"column":49}},"1":{"start":{"line":17,"column":4},"end":{"line":17,"column":53}},"2":{"start":{"line":21,"column":25},"end":{"line":21,"column":35}},"3":{"start":{"line":22,"column":21},"end":{"line":24,"column":5}},"4":{"start":{"line":23,"column":17},"end":{"line":23,"column":69}},"5":{"start":{"line":26,"column":4},"end":{"line":37,"column":6}},"6":{"start":{"line":41,"column":0},"end":{"line":44,"column":2}},"7":{"start":{"line":46,"column":24},"end":{"line":48,"column":2}},"8":{"start":{"line":46,"column":50},"end":{"line":48,"column":1}},"9":{"start":{"line":49,"column":27},"end":{"line":51,"column":1}}},"fnMap":{"0":{"name":"(anonymous_0)","decl":{"start":{"line":15,"column":2},"end":{"line":15,"column":3}},"loc":{"start":{"line":15,"column":23},"end":{"line":18,"column":3}},"line":15},"1":{"name":"(anonymous_1)","decl":{"start":{"line":20,"column":2},"end":{"line":20,"column":3}},"loc":{"start":{"line":20,"column":11},"end":{"line":38,"column":3}},"line":20},"2":{"name":"(anonymous_2)","decl":{"start":{"line":23,"column":6},"end":{"line":23,"column":7}},"loc":{"start":{"line":23,"column":17},"end":{"line":23,"column":69}},"line":23},"3":{"name":"(anonymous_3)","decl":{"start":{"line":46,"column":24},"end":{"line":46,"column":25}},"loc":{"start":{"line":46,"column":50},"end":{"line":48,"column":1}},"line":46}},"branchMap":{},"s":{"0":1,"1":1,"2":1,"3":1,"4":1,"5":1,"6":1,"7":1,"8":1,"9":1},"f":{"0":1,"1":1,"2":1,"3":1},"b":{},"_coverageSchema":"332fd63041d2c1bcb487cc26dd0d5f7d97098a6c","hash":"d9a01b4d44eb868dee1f8588b1e1c54fa6327dbc"}
,"/Users/brucemakallan/Desktop/programming/clients/ugandaswimming/usf/src/containers/Details/index.js": {"path":"/Users/brucemakallan/Desktop/programming/clients/ugandaswimming/usf/src/containers/Details/index.js","statementMap":{"0":{"start":{"line":15,"column":0},"end":{"line":15,"column":48}},"1":{"start":{"line":19,"column":24},"end":{"line":19,"column":34}},"2":{"start":{"line":20,"column":4},"end":{"line":20,"column":21}},"3":{"start":{"line":24,"column":4},"end":{"line":42,"column":5}},"4":{"start":{"line":29,"column":12},"end":{"line":38,"column":18}},"5":{"start":{"line":32,"column":18},"end":{"line":35,"column":35}},"6":{"start":{"line":46,"column":4},"end":{"line":66,"column":5}},"7":{"start":{"line":50,"column":10},"end":{"line":63,"column":15}},"8":{"start":{"line":52,"column":14},"end":{"line":61,"column":83}},"9":{"start":{"line":70,"column":4},"end":{"line":93,"column":5}},"10":{"start":{"line":71,"column":6},"end":{"line":73,"column":7}},"11":{"start":{"line":72,"column":8},"end":{"line":72,"column":53}},"12":{"start":{"line":74,"column":6},"end":{"line":76,"column":7}},"13":{"start":{"line":75,"column":8},"end":{"line":75,"column":55}},"14":{"start":{"line":77,"column":6},"end":{"line":86,"column":7}},"15":{"start":{"line":78,"column":8},"end":{"line":85,"column":10}},"16":{"start":{"line":82,"column":36},"end":{"line":82,"column":68}},"17":{"start":{"line":87,"column":6},"end":{"line":92,"column":8}},"18":{"start":{"line":93,"column":6},"end":{"line":93,"column":16}},"19":{"start":{"line":97,"column":4},"end":{"line":104,"column":5}},"20":{"start":{"line":108,"column":32},"end":{"line":108,"column":42}},"21":{"start":{"line":109,"column":20},"end":{"line":109,"column":65}},"22":{"start":{"line":109,"column":39},"end":{"line":109,"column":64}},"23":{"start":{"line":113,"column":4},"end":{"line":140,"column":5}},"24":{"start":{"line":114,"column":6},"end":{"line":118,"column":8}},"25":{"start":{"line":119,"column":6},"end":{"line":134,"column":8}},"26":{"start":{"line":135,"column":6},"end":{"line":139,"column":8}},"27":{"start":{"line":142,"column":4},"end":{"line":192,"column":6}},"28":{"start":{"line":169,"column":30},"end":{"line":171,"column":21}},"29":{"start":{"line":173,"column":42},"end":{"line":173,"column":95}},"30":{"start":{"line":183,"column":28},"end":{"line":185,"column":19}},"31":{"start":{"line":196,"column":0},"end":{"line":200,"column":2}},"32":{"start":{"line":202,"column":24},"end":{"line":204,"column":2}},"33":{"start":{"line":202,"column":50},"end":{"line":204,"column":1}}},"fnMap":{"0":{"name":"(anonymous_0)","decl":{"start":{"line":18,"column":11},"end":{"line":18,"column":12}},"loc":{"start":{"line":18,"column":17},"end":{"line":21,"column":3}},"line":18},"1":{"name":"(anonymous_1)","decl":{"start":{"line":23,"column":23},"end":{"line":23,"column":24}},"loc":{"start":{"line":24,"column":4},"end":{"line":42,"column":5}},"line":24},"2":{"name":"(anonymous_2)","decl":{"start":{"line":28,"column":20},"end":{"line":28,"column":21}},"loc":{"start":{"line":29,"column":12},"end":{"line":38,"column":18}},"line":29},"3":{"name":"(anonymous_3)","decl":{"start":{"line":31,"column":38},"end":{"line":31,"column":39}},"loc":{"start":{"line":32,"column":18},"end":{"line":35,"column":35}},"line":32},"4":{"name":"(anonymous_4)","decl":{"start":{"line":45,"column":25},"end":{"line":45,"column":26}},"loc":{"start":{"line":46,"column":4},"end":{"line":66,"column":5}},"line":46},"5":{"name":"(anonymous_5)","decl":{"start":{"line":49,"column":18},"end":{"line":49,"column":19}},"loc":{"start":{"line":50,"column":10},"end":{"line":63,"column":15}},"line":50},"6":{"name":"(anonymous_6)","decl":{"start":{"line":51,"column":34},"end":{"line":51,"column":35}},"loc":{"start":{"line":52,"column":14},"end":{"line":61,"column":83}},"line":52},"7":{"name":"(anonymous_7)","decl":{"start":{"line":69,"column":16},"end":{"line":69,"column":17}},"loc":{"start":{"line":69,"column":62},"end":{"line":94,"column":3}},"line":69},"8":{"name":"(anonymous_8)","decl":{"start":{"line":82,"column":25},"end":{"line":82,"column":26}},"loc":{"start":{"line":82,"column":36},"end":{"line":82,"column":68}},"line":82},"9":{"name":"(anonymous_9)","decl":{"start":{"line":96,"column":19},"end":{"line":96,"column":20}},"loc":{"start":{"line":97,"column":4},"end":{"line":104,"column":5}},"line":97},"10":{"name":"(anonymous_10)","decl":{"start":{"line":107,"column":2},"end":{"line":107,"column":3}},"loc":{"start":{"line":107,"column":11},"end":{"line":193,"column":3}},"line":107},"11":{"name":"(anonymous_11)","decl":{"start":{"line":109,"column":34},"end":{"line":109,"column":35}},"loc":{"start":{"line":109,"column":39},"end":{"line":109,"column":64}},"line":109},"12":{"name":"(anonymous_12)","decl":{"start":{"line":169,"column":20},"end":{"line":169,"column":21}},"loc":{"start":{"line":169,"column":30},"end":{"line":171,"column":21}},"line":169},"13":{"name":"(anonymous_13)","decl":{"start":{"line":173,"column":29},"end":{"line":173,"column":30}},"loc":{"start":{"line":173,"column":42},"end":{"line":173,"column":95}},"line":173},"14":{"name":"(anonymous_14)","decl":{"start":{"line":183,"column":18},"end":{"line":183,"column":19}},"loc":{"start":{"line":183,"column":28},"end":{"line":185,"column":19}},"line":183},"15":{"name":"(anonymous_15)","decl":{"start":{"line":202,"column":24},"end":{"line":202,"column":25}},"loc":{"start":{"line":202,"column":50},"end":{"line":204,"column":1}},"line":202}},"branchMap":{"0":{"loc":{"start":{"line":24,"column":4},"end":{"line":42,"column":5}},"type":"binary-expr","locations":[{"start":{"line":24,"column":4},"end":{"line":24,"column":8}},{"start":{"line":24,"column":12},"end":{"line":24,"column":27}},{"start":{"line":25,"column":6},"end":{"line":41,"column":12}}],"line":24},"1":{"loc":{"start":{"line":34,"column":21},"end":{"line":34,"column":98}},"type":"binary-expr","locations":[{"start":{"line":34,"column":22},"end":{"line":34,"column":48}},{"start":{"line":34,"column":53},"end":{"line":34,"column":98}}],"line":34},"2":{"loc":{"start":{"line":46,"column":4},"end":{"line":66,"column":5}},"type":"binary-expr","locations":[{"start":{"line":46,"column":4},"end":{"line":46,"column":8}},{"start":{"line":46,"column":12},"end":{"line":46,"column":27}},{"start":{"line":47,"column":6},"end":{"line":65,"column":12}}],"line":46},"3":{"loc":{"start":{"line":52,"column":14},"end":{"line":61,"column":83}},"type":"cond-expr","locations":[{"start":{"line":54,"column":18},"end":{"line":59,"column":23}},{"start":{"line":61,"column":18},"end":{"line":61,"column":83}}],"line":52},"4":{"loc":{"start":{"line":52,"column":15},"end":{"line":52,"column":75}},"type":"binary-expr","locations":[{"start":{"line":52,"column":15},"end":{"line":52,"column":31}},{"start":{"line":52,"column":35},"end":{"line":52,"column":52}},{"start":{"line":52,"column":56},"end":{"line":52,"column":75}}],"line":52},"5":{"loc":{"start":{"line":70,"column":4},"end":{"line":93,"column":5}},"type":"if","locations":[{"start":{"line":70,"column":4},"end":{"line":93,"column":5}},{"start":{"line":70,"column":4},"end":{"line":93,"column":5}}],"line":70},"6":{"loc":{"start":{"line":71,"column":6},"end":{"line":73,"column":7}},"type":"if","locations":[{"start":{"line":71,"column":6},"end":{"line":73,"column":7}},{"start":{"line":71,"column":6},"end":{"line":73,"column":7}}],"line":71},"7":{"loc":{"start":{"line":74,"column":6},"end":{"line":76,"column":7}},"type":"if","locations":[{"start":{"line":74,"column":6},"end":{"line":76,"column":7}},{"start":{"line":74,"column":6},"end":{"line":76,"column":7}}],"line":74},"8":{"loc":{"start":{"line":77,"column":6},"end":{"line":86,"column":7}},"type":"if","locations":[{"start":{"line":77,"column":6},"end":{"line":86,"column":7}},{"start":{"line":77,"column":6},"end":{"line":86,"column":7}}],"line":77},"9":{"loc":{"start":{"line":97,"column":4},"end":{"line":104,"column":5}},"type":"binary-expr","locations":[{"start":{"line":97,"column":4},"end":{"line":97,"column":16}},{"start":{"line":97,"column":20},"end":{"line":97,"column":43}},{"start":{"line":98,"column":6},"end":{"line":103,"column":12}}],"line":97},"10":{"loc":{"start":{"line":113,"column":4},"end":{"line":140,"column":5}},"type":"if","locations":[{"start":{"line":113,"column":4},"end":{"line":140,"column":5}},{"start":{"line":113,"column":4},"end":{"line":140,"column":5}}],"line":113},"11":{"loc":{"start":{"line":144,"column":9},"end":{"line":190,"column":25}},"type":"cond-expr","locations":[{"start":{"line":145,"column":10},"end":{"line":189,"column":27}},{"start":{"line":190,"column":12},"end":{"line":190,"column":25}}],"line":144},"12":{"loc":{"start":{"line":150,"column":15},"end":{"line":150,"column":66}},"type":"cond-expr","locations":[{"start":{"line":150,"column":34},"end":{"line":150,"column":61}},{"start":{"line":150,"column":64},"end":{"line":150,"column":66}}],"line":150},"13":{"loc":{"start":{"line":159,"column":15},"end":{"line":163,"column":15}},"type":"binary-expr","locations":[{"start":{"line":159,"column":15},"end":{"line":159,"column":29}},{"start":{"line":159,"column":33},"end":{"line":159,"column":58}},{"start":{"line":160,"column":16},"end":{"line":162,"column":22}}],"line":159},"14":{"loc":{"start":{"line":165,"column":38},"end":{"line":165,"column":121}},"type":"cond-expr","locations":[{"start":{"line":165,"column":109},"end":{"line":165,"column":116}},{"start":{"line":165,"column":119},"end":{"line":165,"column":121}}],"line":165},"15":{"loc":{"start":{"line":165,"column":39},"end":{"line":165,"column":105}},"type":"binary-expr","locations":[{"start":{"line":165,"column":39},"end":{"line":165,"column":54}},{"start":{"line":165,"column":59},"end":{"line":165,"column":73}},{"start":{"line":165,"column":77},"end":{"line":165,"column":104}}],"line":165}},"s":{"0":3,"1":0,"2":0,"3":0,"4":0,"5":0,"6":1,"7":1,"8":2,"9":13,"10":11,"11":0,"12":11,"13":1,"14":10,"15":0,"16":0,"17":10,"18":2,"19":3,"20":1,"21":1,"22":1,"23":1,"24":1,"25":1,"26":1,"27":1,"28":3,"29":3,"30":10,"31":3,"32":3,"33":1},"f":{"0":0,"1":0,"2":0,"3":0,"4":1,"5":1,"6"
[...]
,"/Users/brucemakallan/Desktop/programming/clients/ugandaswimming/usf/src/containers/Products/index.js": {"path":"/Users/brucemakallan/Desktop/programming/clients/ugandaswimming/usf/src/containers/Products/index.js","statementMap":{"0":{"start":{"line":15,"column":39},"end":{"line":15,"column":49}},"1":{"start":{"line":16,"column":4},"end":{"line":16,"column":53}},"2":{"start":{"line":20,"column":4},"end":{"line":23,"column":5}},"3":{"start":{"line":21,"column":40},"end":{"line":21,"column":50}},"4":{"start":{"line":22,"column":6},"end":{"line":22,"column":58}},"5":{"start":{"line":24,"column":4},"end":{"line":24,"column":27}},"6":{"start":{"line":28,"column":4},"end":{"line":28,"column":26}},"7":{"start":{"line":29,"column":4},"end":{"line":29,"column":27}},"8":{"start":{"line":33,"column":4},"end":{"line":33,"column":39}},"9":{"start":{"line":37,"column":4},"end":{"line":37,"column":40}},"10":{"start":{"line":41,"column":25},"end":{"line":41,"column":35}},"11":{"start":{"line":42,"column":30},"end":{"line":42,"column":40}},"12":{"start":{"line":43,"column":4},"end":{"line":59,"column":6}},"13":{"start":{"line":63,"column":0},"end":{"line":67,"column":2}},"14":{"start":{"line":69,"column":24},"end":{"line":71,"column":2}},"15":{"start":{"line":69,"column":50},"end":{"line":71,"column":1}},"16":{"start":{"line":72,"column":27},"end":{"line":75,"column":1}}},"fnMap":{"0":{"name":"(anonymous_0)","decl":{"start":{"line":14,"column":2},"end":{"line":14,"column":3}},"loc":{"start":{"line":14,"column":22},"end":{"line":17,"column":3}},"line":14},"1":{"name":"(anonymous_1)","decl":{"start":{"line":19,"column":17},"end":{"line":19,"column":18}},"loc":{"start":{"line":19,"column":25},"end":{"line":25,"column":3}},"line":19},"2":{"name":"(anonymous_2)","decl":{"start":{"line":27,"column":11},"end":{"line":27,"column":12}},"loc":{"start":{"line":27,"column":19},"end":{"line":30,"column":3}},"line":27},"3":{"name":"(anonymous_3)","decl":{"start":{"line":32,"column":20},"end":{"line":32,"column":21}},"loc":{"start":{"line":32,"column":26},"end":{"line":34,"column":3}},"line":32},"4":{"name":"(anonymous_4)","decl":{"start":{"line":36,"column":20},"end":{"line":36,"column":21}},"loc":{"start":{"line":36,"column":26},"end":{"line":38,"column":3}},"line":36},"5":{"name":"(anonymous_5)","decl":{"start":{"line":40,"column":2},"end":{"line":40,"column":3}},"loc":{"start":{"line":40,"column":11},"end":{"line":60,"column":3}},"line":40},"6":{"name":"(anonymous_6)","decl":{"start":{"line":69,"column":24},"end":{"line":69,"column":25}},"loc":{"start":{"line":69,"column":50},"end":{"line":71,"column":1}},"line":69}},"branchMap":{"0":{"loc":{"start":{"line":20,"column":4},"end":{"line":23,"column":5}},"type":"if","locations":[{"start":{"line":20,"column":4},"end":{"line":23,"column":5}},{"start":{"line":20,"column":4},"end":{"line":23,"column":5}}],"line":20},"1":{"loc":{"start":{"line":45,"column":9},"end":{"line":56,"column":9}},"type":"binary-expr","locations":[{"start":{"line":45,"column":9},"end":{"line":45,"column":11}},{"start":{"line":46,"column":10},"end":{"line":55,"column":12}}],"line":45}},"s":{"0":2,"1":2,"2":0,"3":0,"4":0,"5":0,"6":1,"7":1,"8":1,"9":0,"10":4,"11":4,"12":4,"13":3,"14":3,"15":0,"16":3},"f":{"0":2,"1":0,"2":1,"3":1,"4":0,"5":4,"6":0},"b":{"0":[0,0],"1":[4,1]},"_coverageSchema":"332fd63041d2c1bcb487cc26dd0d5f7d97098a6c","hash":"bd27d4d4f9658d9e674058b7f523c26ee4f35772"}
,"/Users/brucemakallan/Desktop/programming/clients/ugandaswimming/usf/src/reducers/adminReducer.js": {"path":"/Users/brucemakallan/Desktop/programming/clients/ugandaswimming/usf/src/reducers/adminReducer.js","statementMap":{"0":{"start":{"line":3,"column":28},"end":{"line":5,"column":1}},"1":{"start":{"line":7,"column":21},"end":{"line":18,"column":1}},"2":{"start":{"line":8,"column":22},"end":{"line":8,"column":28}},"3":{"start":{"line":10,"column":2},"end":{"line":17,"column":3}},"4":{"start":{"line":12,"column":4},"end":{"line":12,"column":49}},"5":{"start":{"line":13,"column":4},"end":{"line":13,"column":49}},"6":{"start":{"line":14,"column":4},"end":{"line":14,"column":40}},"7":{"start":{"line":16,"column":11},"end":{"line":16,"column":24}}},"fnMap":{"0":{"name":"(anonymous_0)","decl":{"start":{"line":7,"column":21},"end":{"line":7,"column":22}},"loc":{"start":{"line":7,"column":55},"end":{"line":18,"column":1}},"line":7}},"branchMap":{"0":{"loc":{"start":{"line":7,"column":22},"end":{"line":7,"column":42}},"type":"default-arg","locations":[{"start":{"line":7,"column":30},"end":{"line":7,"column":42}}],"line":7},"1":{"loc":{"start":{"line":10,"column":2},"end":{"line":17,"column":3}},"type":"switch","locations":[{"start":{"line":11,"column":2},"end":{"line":15,"column":3}},{"start":{"line":16,"column":2},"end":{"line":16,"column":24}}],"line":10}},"s":{"0":1,"1":1,"2":3,"3":3,"4":0,"5":0,"6":0,"7":3},"f":{"0":3},"b":{"0":[3],"1":[0,3]},"_coverageSchema":"332fd63041d2c1bcb487cc26dd0d5f7d97098a6c","hash":"0ffb31ca01e196d5a86a6ba554796799d155acbb"}
,"/Users/brucemakallan/Desktop/programming/clients/ugandaswimming/usf/src/reducers/index.js": {"path":"/Users/brucemakallan/Desktop/programming/clients/ugandaswimming/usf/src/reducers/index.js","statementMap":{},"fnMap":{},"branchMap":{},"s":{},"f":{},"b":{},"_coverageSchema":"332fd63041d2c1bcb487cc26dd0d5f7d97098a6c","hash":"f73426b861c28e701113c5ca9048303dbc123d6d"}
,"/Users/brucemakallan/Desktop/programming/clients/ugandaswimming/usf/src/reducers/loaderReducer.js": {"path":"/Users/brucemakallan/Desktop/programming/clients/ugandaswimming/usf/src/reducers/loaderReducer.js","statementMap":{"0":{"start":{"line":3,"column":28},"end":{"line":5,"column":1}},"1":{"start":{"line":7,"column":22},"end":{"line":15,"column":1}},"2":{"start":{"line":8,"column":22},"end":{"line":8,"column":28}},"3":{"start":{"line":10,"column":2},"end":{"line":14,"column":3}},"4":{"start":{"line":12,"column":4},"end":{"line":12,"column":45}},"5":{"start":{"line":13,"column":11},"end":{"line":13,"column":24}}},"fnMap":{"0":{"name":"(anonymous_0)","decl":{"start":{"line":7,"column":22},"end":{"line":7,"column":23}},"loc":{"start":{"line":7,"column":56},"end":{"line":15,"column":1}},"line":7}},"branchMap":{"0":{"loc":{"start":{"line":7,"column":23},"end":{"line":7,"column":43}},"type":"default-arg","locations":[{"start":{"line":7,"column":31},"end":{"line":7,"column":43}}],"line":7},"1":{"loc":{"start":{"line":10,"column":2},"end":{"line":14,"column":3}},"type":"switch","locations":[{"start":{"line":11,"column":2},"end":{"line":12,"column":45}},{"start":{"line":13,"column":2},"end":{"line":13,"column":24}}],"line":10}},"s":{"0":2,"1":2,"2":5,"3":5,"4":1,"5":4},"f":{"0":5},"b":{"0":[3],"1":[1,4]},"_coverageSchema":"332fd63041d2c1bcb487cc26dd0d5f7d97098a6c","hash":"803522a5347990ae37ae2d20870f49f1f174d452"}
,"/Users/brucemakallan/Desktop/programming/clients/ugandaswimming/usf/src/reducers/productsReducer.js": {"path":"/Users/brucemakallan/Desktop/programming/clients/ugandaswimming/usf/src/reducers/productsReducer.js","statementMap":{"0":{"start":{"line":6,"column":28},"end":{"line":9,"column":1}},"1":{"start":{"line":11,"column":24},"end":{"line":35,"column":1}},"2":{"start":{"line":12,"column":22},"end":{"line":12,"column":28}},"3":{"start":{"line":13,"column":23},"end":{"line":13,"column":28}},"4":{"start":{"line":15,"column":2},"end":{"line":34,"column":3}},"5":{"start":{"line":17,"column":4},"end":{"line":17,"column":43}},"6":{"start":{"line":19,"column":4},"end":{"line":19,"column":42}},"7":{"start":{"line":21,"column":25},"end":{"line":21,"column":80}},"8":{"start":{"line":21,"column":52},"end":{"line":21,"column":79}},"9":{"start":{"line":22,"column":4},"end":{"line":22,"column":48}},"10":{"start":{"line":25,"column":4},"end":{"line":26,"column":30}},"11":{"start":{"line":25,"column":61},"end":{"line":25,"column":101}},"12":{"start":{"line":26,"column":9},"end":{"line":26,"column":30}},"13":{"start":{"line":27,"column":4},"end":{"line":27,"column":17}},"14":{"start":{"line":30,"column":4},"end":{"line":30,"column":27}},"15":{"start":{"line":31,"column":4},"end":{"line":31,"column":17}},"16":{"start":{"line":33,"column":11},"end":{"line":33,"column":24}}},"fnMap":{"0":{"name":"(anonymous_0)","decl":{"start":{"line":11,"column":24},"end":{"line":11,"column":25}},"loc":{"start":{"line":11,"column":58},"end":{"line":35,"column":1}},"line":11},"1":{"name":"(anonymous_1)","decl":{"start":{"line":21,"column":41},"end":{"line":21,"column":42}},"loc":{"start":{"line":21,"column":52},"end":{"line":21,"column":79}},"line":21}},"branchMap":{"0":{"loc":{"start":{"line":11,"column":25},"end":{"line":11,"column":45}},"type":"default-arg","locations":[{"start":{"line":11,"column":33},"end":{"line":11,"column":45}}],"line":11},"1":{"loc":{"start":{"line":15,"column":2},"end":{"line":34,"column":3}},"type":"switch","locations":[{"start":{"line":16,"column":2},"end":{"line":17,"column":43}},{"start":{"line":18,"column":2},"end":{"line":19,"column":42}},{"start":{"line":20,"column":2},"end":{"line":23,"column":3}},{"start":{"line":24,"column":2},"end":{"line":28,"column":3}},{"start":{"line":29,"column":2},"end":{"line":32,"column":3}},{"start":{"line":33,"column":2},"end":{"line":33,"column":24}}],"line":15},"2":{"loc":{"start":{"line":25,"column":4},"end":{"line":26,"column":30}},"type":"if","locations":[{"start":{"line":25,"column":4},"end":{"line":26,"column":30}},{"start":{"line":25,"column":4},"end":{"line":26,"column":30}}],"line":25}},"s":{"0":2,"1":2,"2":10,"3":10,"4":10,"5":1,"6":1,"7":1,"8":1,"9":1,"10":2,"11":1,"12":1,"13":2,"14":1,"15":1,"16":4},"f":{"0":10,"1":1},"b":{"0":[3],"1":[1,1,1,2,1,4],"2":[1,1]},"_coverageSchema":"332fd63041d2c1bcb487cc26dd0d5f7d97098a6c","hash":"bdec828dd9ef8cfd7a0a717e5348faab2aa2a4f5"}
,"/Users/brucemakallan/Desktop/programming/clients/ugandaswimming/usf/src/utils/cloudinary.js": {"path":"/Users/brucemakallan/Desktop/programming/clients/ugandaswimming/usf/src/utils/cloudinary.js","statementMap":{"0":{"start":{"line":1,"column":32},"end":{"line":4,"column":1}}},"fnMap":{},"branchMap":{},"s":{"0":4},"f":{},"b":{},"_coverageSchema":"332fd63041d2c1bcb487cc26dd0d5f7d97098a6c","hash":"62bc47d4289e4ba0d7d816eb40691174967c241f"}
,"/Users/brucemakallan/Desktop/programming/clients/ugandaswimming/usf/src/utils/history.js": {"path":"/Users/brucemakallan/Desktop/programming/clients/ugandaswimming/usf/src/utils/history.js","statementMap":{},"fnMap":{},"branchMap":{},"s":{},"f":{},"b":{},"_coverageSchema":"332fd63041d2c1bcb487cc26dd0d5f7d97098a6c","hash":"ce11b2e7073972ea37b8d03e847ee3dfa4b29be7"}
,"/Users/brucemakallan/Desktop/programming/clients/ugandaswimming/usf/src/utils/index.js": {"path":"/Users/brucemakallan/Desktop/programming/clients/ugandaswimming/usf/src/utils/index.js","statementMap":{"0":{"start":{"line":9,"column":0},"end":{"line":9,"column":58}},"1":{"start":{"line":11,"column":14},"end":{"line":21,"column":1}},"2":{"start":{"line":24,"column":16},"end":{"line":24,"column":63}},"3":{"start":{"line":26,"column":25},"end":{"line":33,"column":1}},"4":{"start":{"line":29,"column":24},"end":{"line":29,"column":50}},"5":{"start":{"line":30,"column":21},"end":{"line":30,"column":57}},"6":{"start":{"line":31,"column":24},"end":{"line":31,"column":60}},"7":{"start":{"line":35,"column":24},"end":{"line":39,"column":1}},"8":{"start":{"line":41,"column":31},"end":{"line":43,"column":1}},"9":{"start":{"line":45,"column":26},"end":{"line":48,"column":1}},"10":{"start":{"line":50,"column":17},"end":{"line":50,"column":27}},"11":{"start":{"line":51,"column":16},"end":{"line":51,"column":25}},"12":{"start":{"line":52,"column":16},"end":{"line":52,"column":32}},"13":{"start":{"line":53,"column":14},"end":{"line":53,"column":21}},"14":{"start":{"line":54,"column":14},"end":{"line":54,"column":21}},"15":{"start":{"line":55,"column":21},"end":{"line":55,"column":36}},"16":{"start":{"line":56,"column":21},"end":{"line":56,"column":36}},"17":{"start":{"line":57,"column":18},"end":{"line":57,"column":29}},"18":{"start":{"line":58,"column":20},"end":{"line":58,"column":34}},"19":{"start":{"line":59,"column":17},"end":{"line":59,"column":27}},"20":{"start":{"line":60,"column":22},"end":{"line":60,"column":38}},"21":{"start":{"line":61,"column":30},"end":{"line":61,"column":54}},"22":{"start":{"line":62,"column":22},"end":{"line":62,"column":38}},"23":{"start":{"line":63,"column":18},"end":{"line":63,"column":31}},"24":{"start":{"line":64,"column":15},"end":{"line":64,"column":23}},"25":{"start":{"line":65,"column":21},"end":{"line":65,"column":36}},"26":{"start":{"line":67,"column":28},"end":{"line":77,"column":1}},"27":{"start":{"line":79,"column":27},"end":{"line":96,"column":1}},"28":{"start":{"line":98,"column":18},"end":{"line":123,"column":1}},"29":{"start":{"line":125,"column":30},"end":{"line":137,"column":1}},"30":{"start":{"line":127,"column":2},"end":{"line":132,"column":5}},"31":{"start":{"line":128,"column":4},"end":{"line":130,"column":5}},"32":{"start":{"line":129,"column":6},"end":{"line":129,"column":33}},"33":{"start":{"line":131,"column":4},"end":{"line":131,"column":16}},"34":{"start":{"line":133,"column":2},"end":{"line":135,"column":3}},"35":{"start":{"line":134,"column":4},"end":{"line":134,"column":16}},"36":{"start":{"line":136,"column":2},"end":{"line":136,"column":32}},"37":{"start":{"line":139,"column":32},"end":{"line":139,"column":60}},"38":{"start":{"line":140,"column":27},"end":{"line":140,"column":44}},"39":{"start":{"line":141,"column":33},"end":{"line":141,"column":45}},"40":{"start":{"line":142,"column":20},"end":{"line":142,"column":24}},"41":{"start":{"line":143,"column":19},"end":{"line":143,"column":25}},"42":{"start":{"line":144,"column":21},"end":{"line":144,"column":26}},"43":{"start":{"line":145,"column":20},"end":{"line":145,"column":26}},"44":{"start":{"line":147,"column":26},"end":{"line":147,"column":76}},"45":{"start":{"line":147,"column":39},"end":{"line":147,"column":76}},"46":{"start":{"line":149,"column":26},"end":{"line":149,"column":95}},"47":{"start":{"line":149,"column":48},"end":{"line":149,"column":95}},"48":{"start":{"line":151,"column":43},"end":{"line":155,"column":1}},"49":{"start":{"line":152,"column":17},"end":{"line":152,"column":29}},"50":{"start":{"line":153,"column":2},"end":{"line":153,"column":65}},"51":{"start":{"line":153,"column":40},"end":{"line":153,"column":63}},"52":{"start":{"line":154,"column":2},"end":{"line":154,"column":16}}},"fnMap":{"0":{"name":"(anonymous_0)","decl":{"start":{"line":29,"column":18},"end":{"line":29,"column":19}},"loc":{"start":{"line":29,"column":24},"end":{"line":29,"column":50}},"line":29},"1":{"name":"(anonymous_1)","decl":{"start":{"line":30,"column":15},"end":{"line":30,"column":16}},"loc":{"start":{"line":30,"column":21},"end":{"line":30,"column":57}},"line":30},"2":{"name":"(anonymous_2)","decl":{"start":{"line":31,"column":18},"end":{"line":31,"column":19}},"loc":{"start":{"line":31,"column":24},"end":{"line":31,"column":60}},"line":31},"3":{"name":"(anonymous_3)","decl":{"start":{"line":125,"column":30},"end":{"line":125,"column":31}},"loc":{"start":{"line":125,"column":44},"end":{"line":137,"column":1}},"line":125},"4":{"name":"(anonymous_4)","decl":{"start":{"line":127,"column":29},"end":{"line":127,"column":30}},"loc":{"start":{"line":127,"column":38},"end":{"line":132,"column":3}},"line":127},"5":{"name":"(anonymous_5)","decl":{"start":{"line":147,"column":26},"end":{"line":147,"column":27}},"loc":{"start":{"line":147,"column":39},"end":{"line":147,"column":76}},"line":147},"6":{"name":"(anonymous_6)","decl":{"start":{"line":149,"column":26},"end":{"line":149,"column":27}},"loc":{"start":{"line":149,"column":48},"end":{"line":149,"column":95}},"line":149},"7":{"name":"(anonymous_7)","decl":{"start":{"line":151,"column":43},"end":{"line":151,"column":44}},"loc":{"start":{"line":151,"column":84},"end":{"line":155,"column":1}},"line":151},"8":{"name":"(anonymous_8)","decl":{"start":{"line":153,"column":28},"end":{"line":153,"column":29}},"loc":{"start":{"line":153,"column":40},"end":{"line":153,"column":63}},"line":153}},"branchMap":{"0":{"loc":{"start":{"line":128,"column":4},"end":{"line":130,"column":5}},"type":"if","locations":[{"start":{"line":128,"column":4},"end":{"line":130,"column":5}},{"start":{"line":128,"column":4},"end":{"line":130,"column":5}}],"line":128},"1":{"loc":{"start":{"line":128,"column":8},"end":{"line":128,"column":72}},"type":"binary-expr","locations":[{"start":{"line":128,"column":8},"end":{"line":128,"column":16}},{"start":{"line":128,"column":20},"end":{"line":128,"column":72}}],"line":128},"2":{"loc":{"start":{"line":133,"column":2},"end":{"line":135,"column":3}},"type":"if","locations":[{"start":{"line":133,"column":2},"end":{"line":135,"column":3}},{"start":{"line":133,"column":2},"end":{"line":135,"column":3}}],"line":133}},"s":{"0":14,"1":14,"2":14,"3":14,"4":0,"5":1,"6":0,"7":14,"8":14,"9":14,"10":14,"11":14,"12":14,"13":14,"14":14,"15":14,"16":14,"17":14,"18":14,"19":14,"20":14,"21":14,"22":14,"23":14,"24":14,"25":14,"26":14,"27":14,"28":14,"29":14,"30":1,"31":6,"32":1,"33":6,"34":1,"35":1,"36":0,"37":14,"38":14,"39":14,"40":14,"41":14,"42":14,"43":14,"44":14,"45":0,"46":14,"47":40,"48":14,"49":1,"50":1,"51":3,"52":1},"f":{"0":0,"1":1,"2":0,"3":1,"4":6,"5":0,"6":40,"7":1,"8":3},"b":{"0":[1,5],"1":[6,6],"2":[1,0]},"_coverageSchema":"332fd63041d2c1bcb487cc26dd0d5f7d97098a6c","hash":"b750bae5468869dbd4d2d96c5e3c5db1b39caf7e"}
,"/Users/brucemakallan/Desktop/programming/clients/ugandaswimming/usf/src/utils/renderYoutubePlayer.jsx": {"path":"/Users/brucemakallan/Desktop/programming/clients/ugandaswimming/usf/src/utils/renderYoutubePlayer.jsx","statementMap":{"0":{"start":{"line":4,"column":27},"end":{"line":20,"column":1}},"1":{"start":{"line":5,"column":18},"end":{"line":13,"column":3}},"2":{"start":{"line":14,"column":2},"end":{"line":19,"column":4}}},"fnMap":{"0":{"name":"(anonymous_0)","decl":{"start":{"line":4,"column":27},"end":{"line":4,"column":28}},"loc":{"start":{"line":4,"column":57},"end":{"line":20,"column":1}},"line":4}},"branchMap":{},"s":{"0":3,"1":0,"2":0},"f":{"0":0},"b":{},"_coverageSchema":"332fd63041d2c1bcb487cc26dd0d5f7d97098a6c","hash":"5fcea6a99a02911b055a53cbec4ed669e45e13b4"}
}
