TN:
SF:/Users/brucemakallan/Desktop/programming/clients/ugandaswimming/usf/src/actions/adminActions.js
FN:5,(anonymous_0)
FN:5,(anonymous_1)
FN:8,(anonymous_2)
FN:13,(anonymous_3)
FNF:4
FNH:0
FNDA:0,(anonymous_0)
FNDA:0,(anonymous_1)
FNDA:0,(anonymous_2)
FNDA:0,(anonymous_3)
DA:5,2
DA:6,0
DA:7,0
DA:9,0
DA:10,0
DA:11,0
DA:14,0
DA:15,0
LF:8
LH:1
BRF:0
BRH:0
end_of_record
TN:
SF:/Users/brucemakallan/Desktop/programming/clients/ugandaswimming/usf/src/actions/index.js
FN:13,(anonymous_0)
FN:18,(anonymous_1)
FN:23,(anonymous_2)
FN:28,(anonymous_3)
FNF:4
FNH:3
FNDA:2,(anonymous_0)
FNDA:2,(anonymous_1)
FNDA:10,(anonymous_2)
FNDA:0,(anonymous_3)
DA:3,10
DA:13,10
DA:18,10
DA:23,10
DA:28,10
DA:29,0
DA:30,0
DA:31,0
LF:8
LH:5
BRDA:15,0,0,2
BRDA:15,0,1,1
BRDA:20,1,0,2
BRDA:20,1,1,1
BRDA:29,2,0,0
BRDA:29,2,1,0
BRDA:29,3,0,0
BRDA:29,3,1,0
BRDA:29,3,2,0
BRDA:29,3,3,0
BRF:10
BRH:4
end_of_record
TN:
SF:/Users/brucemakallan/Desktop/programming/clients/ugandaswimming/usf/src/actions/productsActions.js
FN:5,(anonymous_0)
FN:9,(anonymous_1)
FN:13,(anonymous_2)
FN:24,(anonymous_3)
FN:29,(anonymous_4)
FN:29,(anonymous_5)
FN:32,(anonymous_6)
FN:36,(anonymous_7)
FN:42,(anonymous_8)
FN:42,(anonymous_9)
FN:47,(anonymous_10)
FN:52,(anonymous_11)
FN:58,(anonymous_12)
FN:58,(anonymous_13)
FN:63,(anonymous_14)
FN:68,(anonymous_15)
FN:74,(anonymous_16)
FN:74,(anonymous_17)
FN:75,(anonymous_18)
FN:76,(anonymous_19)
FNF:20
FNH:8
FNDA:0,(anonymous_0)
FNDA:0,(anonymous_1)
FNDA:0,(anonymous_2)
FNDA:0,(anonymous_3)
FNDA:4,(anonymous_4)
FNDA:4,(anonymous_5)
FNDA:0,(anonymous_6)
FNDA:0,(anonymous_7)
FNDA:3,(anonymous_8)
FNDA:3,(anonymous_9)
FNDA:0,(anonymous_10)
FNDA:0,(anonymous_11)
FNDA:2,(anonymous_12)
FNDA:2,(anonymous_13)
FNDA:0,(anonymous_14)
FNDA:0,(anonymous_15)
FNDA:2,(anonymous_16)
FNDA:2,(anonymous_17)
FNDA:0,(anonymous_18)
FNDA:0,(anonymous_19)
DA:5,6
DA:9,6
DA:13,6
DA:18,6
DA:24,6
DA:25,0
DA:26,0
DA:29,6
DA:30,4
DA:31,4
DA:33,0
DA:34,0
DA:37,0
DA:38,0
DA:42,6
DA:43,3
DA:44,3
DA:45,3
DA:46,3
DA:48,0
DA:49,0
DA:50,0
DA:53,0
DA:54,0
DA:58,6
DA:59,2
DA:60,2
DA:61,2
DA:62,2
DA:64,0
DA:65,0
DA:66,0
DA:69,0
DA:70,0
DA:74,6
DA:75,0
DA:76,0
LF:37
LH:19
BRDA:50,0,0,0
BRDA:50,0,1,0
BRF:2
BRH:0
end_of_record
TN:
SF:/Users/brucemakallan/Desktop/programming/clients/ugandaswimming/usf/src/components/Admin/index.jsx
FN:5,(anonymous_0)
FNF:1
FNH:0
FNDA:0,(anonymous_0)
DA:5,2
DA:8,0
DA:55,2
DA:62,2
LF:4
LH:3
BRDA:13,0,0,0
BRDA:13,0,1,0
BRDA:13,0,2,0
BRF:3
BRH:0
end_of_record
TN:
SF:/Users/brucemakallan/Desktop/programming/clients/ugandaswimming/usf/src/components/ArticleCard/index.jsx
FN:26,(anonymous_0)
FN:42,(anonymous_1)
FN:62,(anonymous_2)
FN:115,(anonymous_3)
FNF:4
FNH:0
FNDA:0,(anonymous_0)
FNDA:0,(anonymous_1)
FNDA:0,(anonymous_2)
FNDA:0,(anonymous_3)
DA:18,1
DA:27,0
DA:43,0
DA:45,0
DA:63,0
DA:116,0
DA:147,1
LF:7
LH:2
BRDA:27,0,0,0
BRDA:27,0,1,0
BRDA:27,0,2,0
BRDA:30,1,0,0
BRDA:30,1,1,0
BRDA:48,2,0,0
BRDA:48,2,1,0
BRDA:48,2,2,0
BRDA:50,3,0,0
BRDA:50,3,1,0
BRDA:50,3,2,0
BRDA:54,4,0,0
BRDA:54,4,1,0
BRDA:54,4,2,0
BRDA:56,5,0,0
BRDA:56,5,1,0
BRDA:73,6,0,0
BRDA:73,6,1,0
BRDA:78,7,0,0
BRDA:78,7,1,0
BRDA:91,8,0,0
BRDA:91,8,1,0
BRDA:91,8,2,0
BRDA:91,8,3,0
BRDA:91,8,4,0
BRDA:94,9,0,0
BRDA:94,9,1,0
BRDA:105,10,0,0
BRDA:105,10,1,0
BRDA:105,10,2,0
BRDA:111,11,0,0
BRDA:111,11,1,0
BRDA:111,11,2,0
BRDA:121,12,0,0
BRDA:121,12,1,0
BRDA:121,12,2,0
BRDA:130,13,0,0
BRDA:130,13,1,0
BRF:38
BRH:0
end_of_record
TN:
SF:/Users/brucemakallan/Desktop/programming/clients/ugandaswimming/usf/src/components/Carousel/index.js
FN:4,(anonymous_0)
FN:6,(anonymous_1)
FN:9,(anonymous_2)
FN:20,(anonymous_3)
FNF:4
FNH:4
FNDA:11,(anonymous_0)
FNDA:3,(anonymous_1)
FNDA:2,(anonymous_2)
FNDA:2,(anonymous_3)
DA:4,11
DA:6,4
DA:7,3
DA:10,2
DA:21,2
DA:43,4
DA:49,4
LF:7
LH:7
BRDA:13,0,0,2
BRDA:13,0,1,0
BRDA:21,1,0,2
BRDA:21,1,1,0
BRDA:23,2,0,2
BRDA:23,2,1,2
BRDA:23,2,2,0
BRF:7
BRH:4
end_of_record
TN:
SF:/Users/brucemakallan/Desktop/programming/clients/ugandaswimming/usf/src/components/Dasboard/index.js
FN:21,(anonymous_0)
FNF:1
FNH:1
FNDA:2,(anonymous_0)
DA:19,2
DA:21,2
DA:22,2
LF:3
LH:3
BRF:0
BRH:0
end_of_record
TN:
SF:/Users/brucemakallan/Desktop/programming/clients/ugandaswimming/usf/src/components/DashboardHome/index.js
FN:3,(anonymous_0)
FNF:1
FNH:1
FNDA:1,(anonymous_0)
DA:3,3
DA:4,1
LF:2
LH:2
BRF:0
BRH:0
end_of_record
TN:
SF:/Users/brucemakallan/Desktop/programming/clients/ugandaswimming/usf/src/components/EventCard/index.jsx
FN:13,(anonymous_0)
FN:28,(anonymous_1)
FN:29,(anonymous_2)
FNF:3
FNH:0
FNDA:0,(anonymous_0)
FNDA:0,(anonymous_1)
FNDA:0,(anonymous_2)
DA:11,1
DA:13,1
DA:14,0
DA:28,1
DA:29,0
DA:30,0
DA:49,1
LF:7
LH:4
BRDA:14,0,0,0
BRDA:14,0,1,0
BRDA:14,0,2,0
BRDA:30,1,0,0
BRDA:30,1,1,0
BRDA:41,2,0,0
BRDA:41,2,1,0
BRF:7
BRH:0
end_of_record
TN:
SF:/Users/brucemakallan/Desktop/programming/clients/ugandaswimming/usf/src/components/FeaturedPhotos/index.jsx
FN:9,(anonymous_0)
FN:13,(anonymous_1)
FN:15,(anonymous_2)
FN:26,(anonymous_3)
FN:29,(anonymous_4)
FNF:5
FNH:0
FNDA:0,(anonymous_0)
FNDA:0,(anonymous_1)
FNDA:0,(anonymous_2)
FNDA:0,(anonymous_3)
FNDA:0,(anonymous_4)
DA:5,1
DA:6,1
DA:10,0
DA:11,0
DA:14,0
DA:16,0
DA:27,0
DA:28,0
DA:29,0
DA:30,0
DA:31,0
DA:33,0
DA:41,1
LF:13
LH:3
BRDA:31,0,0,0
BRDA:31,0,1,0
BRF:2
BRH:0
end_of_record
TN:
SF:/Users/brucemakallan/Desktop/programming/clients/ugandaswimming/usf/src/components/FeaturedVideos/index.jsx
FN:7,(anonymous_0)
FN:9,(anonymous_1)
FN:15,(anonymous_2)
FNF:3
FNH:0
FNDA:0,(anonymous_0)
FNDA:0,(anonymous_1)
FNDA:0,(anonymous_2)
DA:7,1
DA:8,0
DA:9,0
DA:10,0
DA:11,0
DA:13,0
DA:16,0
DA:32,1
LF:8
LH:2
BRDA:11,0,0,0
BRDA:11,0,1,0
BRDA:20,1,0,0
BRDA:20,1,1,0
BRDA:22,2,0,0
BRDA:22,2,1,0
BRF:6
BRH:0
end_of_record
TN:
SF:/Users/brucemakallan/Desktop/programming/clients/ugandaswimming/usf/src/components/Home/index.js
FN:17,(anonymous_0)
FN:25,(anonymous_1)
FN:31,(anonymous_2)
FN:50,(anonymous_3)
FN:57,(anonymous_4)
FN:82,(anonymous_5)
FN:93,(anonymous_6)
FN:119,(anonymous_7)
FN:170,(anonymous_8)
FNF:9
FNH:1
FNDA:0,(anonymous_0)
FNDA:0,(anonymous_1)
FNDA:0,(anonymous_2)
FNDA:0,(anonymous_3)
FNDA:0,(anonymous_4)
FNDA:0,(anonymous_5)
FNDA:1,(anonymous_6)
FNDA:0,(anonymous_7)
FNDA:0,(anonymous_8)
DA:15,1
DA:17,1
DA:21,1
DA:25,1
DA:26,0
DA:32,0
DA:50,1
DA:51,0
DA:58,0
DA:83,0
DA:84,0
DA:85,0
DA:103,1
DA:104,1
DA:105,1
DA:107,1
DA:119,0
DA:215,1
LF:18
LH:10
BRDA:26,0,0,0
BRDA:26,0,1,0
BRDA:26,0,2,0
BRDA:26,0,3,0
BRDA:26,0,4,0
BRDA:26,0,5,0
BRDA:51,1,0,0
BRDA:51,1,1,0
BRDA:51,1,2,0
BRDA:51,1,3,0
BRDA:51,1,4,0
BRDA:51,1,5,0
BRDA:116,2,0,0
BRDA:116,2,1,1
BRDA:116,3,0,1
BRDA:116,3,1,1
BRDA:141,4,0,1
BRDA:141,4,1,1
BRDA:141,4,2,0
BRDA:150,5,0,0
BRDA:150,5,1,0
BRDA:150,5,2,0
BRDA:177,6,0,1
BRDA:177,6,1,1
BRDA:177,6,2,0
BRDA:177,6,3,0
BRDA:177,6,4,0
BRDA:177,6,5,0
BRDA:177,6,6,0
BRDA:188,7,0,1
BRDA:188,7,1,1
BRDA:188,7,2,0
BRF:32
BRH:9
end_of_record
TN:
SF:/Users/brucemakallan/Desktop/programming/clients/ugandaswimming/usf/src/components/Modal/index.js
FN:21,(anonymous_0)
FN:43,(anonymous_1)
FNF:2
FNH:1
FNDA:2,(anonymous_0)
FNDA:0,(anonymous_1)
DA:8,4
DA:10,4
DA:21,4
DA:24,2
DA:43,0
DA:49,4
LF:6
LH:5
BRF:0
BRH:0
end_of_record
TN:
SF:/Users/brucemakallan/Desktop/programming/clients/ugandaswimming/usf/src/components/NavBar/index.js
FN:16,(anonymous_0)
FN:18,(anonymous_1)
FN:90,(anonymous_2)
FN:132,(anonymous_3)
FNF:4
FNH:3
FNDA:1,(anonymous_0)
FNDA:1,(anonymous_1)
FNDA:6,(anonymous_2)
FNDA:0,(anonymous_3)
DA:10,1
DA:12,1
DA:13,1
DA:16,1
DA:19,1
DA:21,1
DA:91,6
DA:133,0
DA:146,1
DA:150,1
LF:10
LH:9
BRDA:16,0,0,1
BRDA:16,0,1,0
BRDA:127,1,0,1
BRDA:127,1,1,0
BRDA:127,1,2,0
BRDA:127,1,3,0
BRDA:133,2,0,0
BRDA:133,2,1,0
BRF:8
BRH:2
end_of_record
TN:
SF:/Users/brucemakallan/Desktop/programming/clients/ugandaswimming/usf/src/components/Products/index.js
FN:14,(anonymous_0)
FN:24,(anonymous_1)
FN:35,(anonymous_2)
FN:43,(anonymous_3)
FN:63,(anonymous_4)
FNF:5
FNH:4
FNDA:5,(anonymous_0)
FNDA:0,(anonymous_1)
FNDA:5,(anonymous_2)
FNDA:5,(anonymous_3)
FNDA:1,(anonymous_4)
DA:12,4
DA:14,4
DA:15,5
DA:24,0
DA:35,5
DA:44,5
DA:63,1
DA:78,4
LF:8
LH:7
BRF:0
BRH:0
end_of_record
TN:
SF:/Users/brucemakallan/Desktop/programming/clients/ugandaswimming/usf/src/components/Products/productForm.js
FN:17,(anonymous_0)
FN:37,(anonymous_1)
FN:46,(anonymous_2)
FN:62,(anonymous_3)
FN:71,(anonymous_4)
FN:78,(anonymous_5)
FN:94,(anonymous_6)
FN:111,(anonymous_7)
FN:119,(anonymous_8)
FN:126,(anonymous_9)
FN:134,(anonymous_10)
FN:142,(anonymous_11)
FN:150,(anonymous_12)
FN:158,(anonymous_13)
FN:168,(anonymous_14)
FN:179,(anonymous_15)
FN:195,(anonymous_16)
FN:203,(anonymous_17)
FN:208,(anonymous_18)
FN:215,(anonymous_19)
FN:231,(anonymous_20)
FN:239,(anonymous_21)
FN:280,(anonymous_22)
FN:400,(anonymous_23)
FN:433,(anonymous_24)
FNF:25
FNH:20
FNDA:735,(anonymous_0)
FNDA:735,(anonymous_1)
FNDA:735,(anonymous_2)
FNDA:735,(anonymous_3)
FNDA:0,(anonymous_4)
FNDA:735,(anonymous_5)
FNDA:735,(anonymous_6)
FNDA:49,(anonymous_7)
FNDA:784,(anonymous_8)
FNDA:735,(anonymous_9)
FNDA:28,(anonymous_10)
FNDA:2,(anonymous_11)
FNDA:0,(anonymous_12)
FNDA:0,(anonymous_13)
FNDA:0,(anonymous_14)
FNDA:1,(anonymous_15)
FNDA:4,(anonymous_16)
FNDA:735,(anonymous_17)
FNDA:15,(anonymous_18)
FNDA:1,(anonymous_19)
FNDA:2,(anonymous_20)
FNDA:735,(anonymous_21)
FNDA:49,(anonymous_22)
FNDA:735,(anonymous_23)
FNDA:0,(anonymous_24)
DA:14,5
DA:18,735
DA:19,735
DA:38,735
DA:47,735
DA:63,735
DA:71,0
DA:79,735
DA:95,735
DA:112,49
DA:119,784
DA:129,735
DA:135,28
DA:142,2
DA:150,0
DA:158,0
DA:168,0
DA:179,1
DA:195,4
DA:204,735
DA:209,15
DA:215,1
DA:231,2
DA:266,735
DA:297,49
DA:299,49
DA:396,49
DA:400,735
DA:433,0
DA:443,5
DA:460,5
LF:31
LH:26
BRDA:21,0,0,735
BRDA:21,0,1,49
BRDA:41,1,0,735
BRDA:41,1,1,147
BRDA:48,2,0,735
BRDA:48,2,1,294
BRDA:50,3,0,0
BRDA:50,3,1,294
BRDA:56,4,0,294
BRDA:56,4,1,294
BRDA:56,4,2,173
BRDA:64,5,0,735
BRDA:64,5,1,98
BRDA:72,6,0,98
BRDA:72,6,1,98
BRDA:72,6,2,40
BRDA:72,6,3,58
BRDA:80,7,0,735
BRDA:80,7,1,49
BRDA:88,8,0,49
BRDA:88,8,1,49
BRDA:88,8,2,29
BRDA:96,9,0,735
BRDA:96,9,1,98
BRDA:96,9,2,98
BRDA:104,10,0,98
BRDA:104,10,1,98
BRDA:106,11,0,49
BRDA:106,11,1,49
BRDA:106,12,0,98
BRDA:106,12,1,49
BRDA:113,13,0,49
BRDA:113,13,1,0
BRDA:130,14,0,735
BRDA:130,14,1,98
BRDA:130,14,2,97
BRDA:130,14,3,97
BRDA:143,15,0,28
BRDA:143,15,1,28
BRDA:143,15,2,7
BRDA:151,16,0,28
BRDA:151,16,1,28
BRDA:151,16,2,28
BRDA:159,17,0,28
BRDA:159,17,1,28
BRDA:159,17,2,28
BRDA:162,18,0,28
BRDA:162,18,1,26
BRDA:190,19,0,735
BRDA:190,19,1,98
BRDA:205,20,0,735
BRDA:205,20,1,49
BRDA:205,20,2,49
BRDA:205,20,3,15
BRDA:226,21,0,735
BRDA:226,21,1,49
BRDA:303,22,0,49
BRDA:303,22,1,49
BRDA:310,23,0,49
BRDA:310,23,1,49
BRDA:316,24,0,49
BRDA:316,24,1,49
BRDA:322,25,0,49
BRDA:322,25,1,49
BRDA:329,26,0,49
BRDA:329,26,1,49
BRDA:335,27,0,49
BRDA:335,27,1,49
BRDA:341,28,0,49
BRDA:341,28,1,49
BRDA:347,29,0,49
BRDA:347,29,1,49
BRDA:353,30,0,49
BRDA:353,30,1,49
BRDA:359,31,0,49
BRDA:359,31,1,49
BRDA:365,32,0,49
BRDA:365,32,1,49
BRDA:372,33,0,49
BRDA:372,33,1,49
BRDA:378,34,0,49
BRDA:378,34,1,49
BRDA:384,35,0,49
BRDA:384,35,1,49
BRDA:391,36,0,49
BRDA:391,36,1,49
BRDA:432,37,0,49
BRDA:432,37,1,20
BRF:88
BRH:86
end_of_record
TN:
SF:/Users/brucemakallan/Desktop/programming/clients/ugandaswimming/usf/src/components/Sidebar/index.js
FN:34,(anonymous_0)
FN:36,(anonymous_1)
FN:42,(anonymous_2)
FN:47,(anonymous_3)
FN:59,(anonymous_4)
FN:66,(anonymous_5)
FNF:6
FNH:4
FNDA:0,(anonymous_0)
FNDA:0,(anonymous_1)
FNDA:9,(anonymous_2)
FNDA:9,(anonymous_3)
FNDA:3,(anonymous_4)
FNDA:9,(anonymous_5)
DA:12,3
DA:20,3
DA:22,3
DA:34,0
DA:37,0
DA:38,0
DA:39,0
DA:43,9
DA:44,8
DA:48,9
DA:60,3
DA:61,3
DA:63,3
DA:66,9
DA:76,3
LF:15
LH:11
BRDA:38,0,0,0
BRDA:38,0,1,0
BRDA:43,1,0,1
BRDA:43,1,1,8
BRF:4
BRH:2
end_of_record
TN:
SF:/Users/brucemakallan/Desktop/programming/clients/ugandaswimming/usf/src/containers/Admin/index.js
FN:16,(anonymous_0)
FN:28,(anonymous_1)
FN:35,(anonymous_2)
FN:42,(anonymous_3)
FN:60,(anonymous_4)
FNF:5
FNH:0
FNDA:0,(anonymous_0)
FNDA:0,(anonymous_1)
FNDA:0,(anonymous_2)
FNDA:0,(anonymous_3)
FNDA:0,(anonymous_4)
DA:17,0
DA:18,0
DA:19,0
DA:20,0
DA:29,0
DA:30,0
DA:31,0
DA:32,0
DA:36,0
DA:37,0
DA:38,0
DA:39,0
DA:43,0
DA:44,0
DA:55,2
DA:60,2
DA:62,2
LF:17
LH:3
BRF:0
BRH:0
end_of_record
TN:
SF:/Users/brucemakallan/Desktop/programming/clients/ugandaswimming/usf/src/containers/App/index.js
FN:15,(anonymous_0)
FN:20,(anonymous_1)
FN:23,(anonymous_2)
FN:46,(anonymous_3)
FNF:4
FNH:4
FNDA:1,(anonymous_0)
FNDA:1,(anonymous_1)
FNDA:1,(anonymous_2)
FNDA:1,(anonymous_3)
DA:16,1
DA:17,1
DA:21,1
DA:22,1
DA:23,1
DA:26,1
DA:41,1
DA:46,1
DA:49,1
LF:9
LH:9
BRF:0
BRH:0
end_of_record
TN:
SF:/Users/brucemakallan/Desktop/programming/clients/ugandaswimming/usf/src/containers/Details/index.js
FN:18,(anonymous_0)
FN:23,(anonymous_1)
FN:28,(anonymous_2)
FN:31,(anonymous_3)
FN:45,(anonymous_4)
FN:49,(anonymous_5)
FN:51,(anonymous_6)
FN:69,(anonymous_7)
FN:82,(anonymous_8)
FN:96,(anonymous_9)
FN:107,(anonymous_10)
FN:109,(anonymous_11)
FN:169,(anonymous_12)
FN:173,(anonymous_13)
FN:183,(anonymous_14)
FN:202,(anonymous_15)
FNF:16
FNH:11
FNDA:0,(anonymous_0)
FNDA:0,(anonymous_1)
FNDA:0,(anonymous_2)
FNDA:0,(anonymous_3)
FNDA:1,(anonymous_4)
FNDA:1,(anonymous_5)
FNDA:2,(anonymous_6)
FNDA:13,(anonymous_7)
FNDA:0,(anonymous_8)
FNDA:3,(anonymous_9)
FNDA:1,(anonymous_10)
FNDA:1,(anonymous_11)
FNDA:3,(anonymous_12)
FNDA:3,(anonymous_13)
FNDA:10,(anonymous_14)
FNDA:1,(anonymous_15)
DA:15,3
DA:19,0
DA:20,0
DA:24,0
DA:29,0
DA:32,0
DA:46,1
DA:50,1
DA:52,2
DA:70,13
DA:71,11
DA:72,0
DA:74,11
DA:75,1
DA:77,10
DA:78,0
DA:82,0
DA:87,10
DA:93,2
DA:97,3
DA:108,1
DA:109,1
DA:113,1
DA:114,1
DA:119,1
DA:135,1
DA:142,1
DA:169,3
DA:173,3
DA:183,10
DA:196,3
DA:202,3
LF:32
LH:24
BRDA:24,0,0,0
BRDA:24,0,1,0
BRDA:24,0,2,0
BRDA:34,1,0,0
BRDA:34,1,1,0
BRDA:46,2,0,1
BRDA:46,2,1,1
BRDA:46,2,2,1
BRDA:52,3,0,1
BRDA:52,3,1,1
BRDA:52,4,0,2
BRDA:52,4,1,1
BRDA:52,4,2,1
BRDA:70,5,0,11
BRDA:70,5,1,2
BRDA:71,6,0,0
BRDA:71,6,1,11
BRDA:74,7,0,1
BRDA:74,7,1,10
BRDA:77,8,0,0
BRDA:77,8,1,10
BRDA:97,9,0,3
BRDA:97,9,1,3
BRDA:97,9,2,3
BRDA:113,10,0,1
BRDA:113,10,1,0
BRDA:144,11,0,1
BRDA:144,11,1,0
BRDA:150,12,0,1
BRDA:150,12,1,0
BRDA:159,13,0,1
BRDA:159,13,1,1
BRDA:159,13,2,1
BRDA:165,14,0,0
BRDA:165,14,1,1
BRDA:165,15,0,1
BRDA:165,15,1,1
BRDA:165,15,2,1
BRF:38
BRH:27
end_of_record
TN:
SF:/Users/brucemakallan/Desktop/programming/clients/ugandaswimming/usf/src/containers/Home/index.js
FN:11,(anonymous_0)
FN:16,(anonymous_1)
FN:17,(anonymous_2)
FN:20,(anonymous_3)
FN:26,(anonymous_4)
FN:30,(anonymous_5)
FN:45,(anonymous_6)
FN:80,(anonymous_7)
FNF:8
FNH:8
FNDA:1,(anonymous_0)
FNDA:7,(anonymous_1)
FNDA:7,(anonymous_2)
FNDA:1,(anonymous_3)
FNDA:1,(anonymous_4)
FNDA:1,(anonymous_5)
FNDA:1,(anonymous_6)
FNDA:1,(anonymous_7)
DA:12,1
DA:13,1
DA:17,7
DA:21,1
DA:22,1
DA:23,1
DA:24,1
DA:25,1
DA:26,1
DA:27,1
DA:31,1
DA:33,1
DA:34,1
DA:35,1
DA:36,1
DA:37,1
DA:38,1
DA:40,1
DA:41,1
DA:43,1
DA:44,1
DA:45,1
DA:47,1
DA:48,0
DA:60,1
DA:75,1
DA:80,1
DA:83,1
LF:28
LH:27
BRDA:47,0,0,0
BRDA:47,0,1,1
BRF:2
BRH:1
end_of_record
TN:
SF:/Users/brucemakallan/Desktop/programming/clients/ugandaswimming/usf/src/containers/PageLoader/index.js
FN:8,(anonymous_0)
FN:29,(anonymous_1)
FNF:2
FNH:2
FNDA:3,(anonymous_0)
FNDA:3,(anonymous_1)
DA:9,3
DA:10,3
DA:25,2
DA:29,3
LF:4
LH:4
BRDA:11,0,0,3
BRDA:11,0,1,1
BRF:2
BRH:2
end_of_record
TN:
SF:/Users/brucemakallan/Desktop/programming/clients/ugandaswimming/usf/src/containers/Products/create.js
FN:20,(anonymous_0)
FN:27,(anonymous_1)
FN:48,(anonymous_2)
FN:62,(anonymous_3)
FN:73,(anonymous_4)
FN:84,(anonymous_5)
FN:86,(anonymous_6)
FN:95,(anonymous_7)
FN:98,(anonymous_8)
FN:114,(anonymous_9)
FN:119,(anonymous_10)
FN:124,(anonymous_11)
FN:125,(anonymous_12)
FN:133,(anonymous_13)
FN:146,(anonymous_14)
FN:177,(anonymous_15)
FNF:16
FNH:8
FNDA:1,(anonymous_0)
FNDA:1,(anonymous_1)
FNDA:1,(anonymous_2)
FNDA:1,(anonymous_3)
FNDA:4,(anonymous_4)
FNDA:1,(anonymous_5)
FNDA:1,(anonymous_6)
FNDA:0,(anonymous_7)
FNDA:0,(anonymous_8)
FNDA:0,(anonymous_9)
FNDA:0,(anonymous_10)
FNDA:0,(anonymous_11)
FNDA:0,(anonymous_12)
FNDA:0,(anonymous_13)
FNDA:20,(anonymous_14)
FNDA:0,(anonymous_15)
DA:21,1
DA:22,1
DA:23,1
DA:24,1
DA:28,1
DA:29,1
DA:30,1
DA:31,1
DA:32,0
DA:39,1
DA:49,1
DA:50,1
DA:51,1
DA:52,1
DA:53,1
DA:54,1
DA:63,1
DA:64,1
DA:65,1
DA:74,4
DA:75,4
DA:76,4
DA:85,1
DA:87,1
DA:88,1
DA:89,1
DA:92,1
DA:96,0
DA:97,0
DA:99,0
DA:100,0
DA:101,0
DA:102,0
DA:103,0
DA:111,0
DA:115,0
DA:116,0
DA:119,0
DA:125,0
DA:147,20
DA:148,20
DA:150,20
DA:171,3
DA:177,3
DA:180,3
LF:45
LH:32
BRDA:20,0,0,1
BRDA:31,1,0,0
BRDA:31,1,1,1
BRDA:73,2,0,0
BRDA:87,3,0,1
BRDA:87,3,1,0
BRDA:87,4,0,1
BRDA:87,4,1,1
BRDA:87,4,2,1
BRDA:87,4,3,1
BRDA:99,5,0,0
BRDA:99,5,1,0
BRDA:99,6,0,0
BRDA:99,6,1,0
BRDA:99,6,2,0
BRDA:99,6,3,0
BRF:16
BRH:7
end_of_record
TN:
SF:/Users/brucemakallan/Desktop/programming/clients/ugandaswimming/usf/src/containers/Products/edit.js
FN:20,(anonymous_0)
FN:25,(anonymous_1)
FN:31,(anonymous_2)
FN:40,(anonymous_3)
FN:61,(anonymous_4)
FN:75,(anonymous_5)
FN:86,(anonymous_6)
FN:97,(anonymous_7)
FN:99,(anonymous_8)
FN:108,(anonymous_9)
FN:111,(anonymous_10)
FN:127,(anonymous_11)
FN:132,(anonymous_12)
FN:137,(anonymous_13)
FN:138,(anonymous_14)
FN:146,(anonymous_15)
FN:159,(anonymous_16)
FN:190,(anonymous_17)
FNF:18
FNH:10
FNDA:9,(anonymous_0)
FNDA:9,(anonymous_1)
FNDA:1,(anonymous_2)
FNDA:1,(anonymous_3)
FNDA:1,(anonymous_4)
FNDA:1,(anonymous_5)
FNDA:2,(anonymous_6)
FNDA:1,(anonymous_7)
FNDA:1,(anonymous_8)
FNDA:0,(anonymous_9)
FNDA:0,(anonymous_10)
FNDA:0,(anonymous_11)
FNDA:0,(anonymous_12)
FNDA:0,(anonymous_13)
FNDA:0,(anonymous_14)
FNDA:0,(anonymous_15)
FNDA:28,(anonymous_16)
FNDA:0,(anonymous_17)
DA:21,9
DA:24,9
DA:25,9
DA:26,9
DA:27,8
DA:28,1
DA:32,1
DA:33,1
DA:34,1
DA:35,1
DA:36,1
DA:37,1
DA:41,1
DA:42,1
DA:43,1
DA:44,1
DA:45,0
DA:52,1
DA:62,1
DA:63,1
DA:64,1
DA:65,1
DA:66,1
DA:67,1
DA:76,1
DA:77,1
DA:78,1
DA:87,2
DA:88,2
DA:89,2
DA:98,1
DA:100,1
DA:101,1
DA:102,1
DA:105,1
DA:109,0
DA:110,0
DA:112,0
DA:113,0
DA:114,0
DA:115,0
DA:116,0
DA:124,0
DA:128,0
DA:129,0
DA:132,0
DA:138,0
DA:160,28
DA:161,28
DA:163,28
DA:183,3
DA:190,3
DA:193,3
LF:53
LH:40
BRDA:26,0,0,8
BRDA:26,0,1,1
BRDA:44,1,0,0
BRDA:44,1,1,1
BRDA:86,2,0,0
BRDA:100,3,0,1
BRDA:100,3,1,0
BRDA:100,4,0,1
BRDA:100,4,1,1
BRDA:100,4,2,1
BRDA:100,4,3,1
BRDA:112,5,0,0
BRDA:112,5,1,0
BRDA:112,6,0,0
BRDA:112,6,1,0
BRDA:112,6,2,0
BRDA:112,6,3,0
BRF:17
BRH:8
end_of_record
TN:
SF:/Users/brucemakallan/Desktop/programming/clients/ugandaswimming/usf/src/containers/Products/index.js
FN:14,(anonymous_0)
FN:19,(anonymous_1)
FN:27,(anonymous_2)
FN:32,(anonymous_3)
FN:36,(anonymous_4)
FN:40,(anonymous_5)
FN:69,(anonymous_6)
FNF:7
FNH:4
FNDA:2,(anonymous_0)
FNDA:0,(anonymous_1)
FNDA:1,(anonymous_2)
FNDA:1,(anonymous_3)
FNDA:0,(anonymous_4)
FNDA:4,(anonymous_5)
FNDA:0,(anonymous_6)
DA:15,2
DA:16,2
DA:20,0
DA:21,0
DA:22,0
DA:24,0
DA:28,1
DA:29,1
DA:33,1
DA:37,0
DA:41,4
DA:42,4
DA:43,4
DA:63,3
DA:69,3
DA:72,3
LF:16
LH:11
BRDA:20,0,0,0
BRDA:20,0,1,0
BRDA:45,1,0,4
BRDA:45,1,1,1
BRF:4
BRH:2
end_of_record
TN:
SF:/Users/brucemakallan/Desktop/programming/clients/ugandaswimming/usf/src/reducers/adminReducer.js
FN:7,(anonymous_0)
FNF:1
FNH:1
FNDA:3,(anonymous_0)
DA:3,1
DA:7,1
DA:8,3
DA:10,3
DA:12,0
DA:13,0
DA:14,0
DA:16,3
LF:8
LH:5
BRDA:7,0,0,3
BRDA:10,1,0,0
BRDA:10,1,1,3
BRF:3
BRH:2
end_of_record
TN:
SF:/Users/brucemakallan/Desktop/programming/clients/ugandaswimming/usf/src/reducers/index.js
FNF:0
FNH:0
LF:0
LH:0
BRF:0
BRH:0
end_of_record
TN:
SF:/Users/brucemakallan/Desktop/programming/clients/ugandaswimming/usf/src/reducers/loaderReducer.js
FN:7,(anonymous_0)
FNF:1
FNH:1
FNDA:5,(anonymous_0)
DA:3,2
DA:7,2
DA:8,5
DA:10,5
DA:12,1
DA:13,4
LF:6
LH:6
BRDA:7,0,0,3
BRDA:10,1,0,1
BRDA:10,1,1,4
BRF:3
BRH:3
end_of_record
TN:
SF:/Users/brucemakallan/Desktop/programming/clients/ugandaswimming/usf/src/reducers/productsReducer.js
FN:11,(anonymous_0)
FN:21,(anonymous_1)
FNF:2
FNH:2
FNDA:10,(anonymous_0)
FNDA:1,(anonymous_1)
DA:6,2
DA:11,2
DA:12,10
DA:13,10
DA:15,10
DA:17,1
DA:19,1
DA:21,1
DA:22,1
DA:25,2
DA:26,1
DA:27,2
DA:30,1
DA:31,1
DA:33,4
LF:15
LH:15
BRDA:11,0,0,3
BRDA:15,1,0,1
BRDA:15,1,1,1
BRDA:15,1,2,1
BRDA:15,1,3,2
BRDA:15,1,4,1
BRDA:15,1,5,4
BRDA:25,2,0,1
BRDA:25,2,1,1
BRF:9
BRH:9
end_of_record
TN:
SF:/Users/brucemakallan/Desktop/programming/clients/ugandaswimming/usf/src/utils/cloudinary.js
FNF:0
FNH:0
DA:1,4
LF:1
LH:1
BRF:0
BRH:0
end_of_record
TN:
SF:/Users/brucemakallan/Desktop/programming/clients/ugandaswimming/usf/src/utils/history.js
FNF:0
FNH:0
LF:0
LH:0
BRF:0
BRH:0
end_of_record
TN:
SF:/Users/brucemakallan/Desktop/programming/clients/ugandaswimming/usf/src/utils/index.js
FN:29,(anonymous_0)
FN:30,(anonymous_1)
FN:31,(anonymous_2)
FN:125,(anonymous_3)
FN:127,(anonymous_4)
FN:147,(anonymous_5)
FN:149,(anonymous_6)
FN:151,(anonymous_7)
FN:153,(anonymous_8)
FNF:9
FNH:6
FNDA:0,(anonymous_0)
FNDA:1,(anonymous_1)
FNDA:0,(anonymous_2)
FNDA:1,(anonymous_3)
FNDA:6,(anonymous_4)
FNDA:0,(anonymous_5)
FNDA:40,(anonymous_6)
FNDA:1,(anonymous_7)
FNDA:3,(anonymous_8)
DA:9,14
DA:11,14
DA:24,14
DA:26,14
DA:29,0
DA:30,1
DA:31,0
DA:35,14
DA:41,14
DA:45,14
DA:50,14
DA:51,14
DA:52,14
DA:53,14
DA:54,14
DA:55,14
DA:56,14
DA:57,14
DA:58,14
DA:59,14
DA:60,14
DA:61,14
DA:62,14
DA:63,14
DA:64,14
DA:65,14
DA:67,14
DA:79,14
DA:98,14
DA:125,14
DA:127,1
DA:128,6
DA:129,1
DA:131,6
DA:133,1
DA:134,1
DA:136,0
DA:139,14
DA:140,14
DA:141,14
DA:142,14
DA:143,14
DA:144,14
DA:145,14
DA:147,14
DA:149,40
DA:151,14
DA:152,1
DA:153,3
DA:154,1
LF:50
LH:47
BRDA:128,0,0,1
BRDA:128,0,1,5
BRDA:128,1,0,6
BRDA:128,1,1,6
BRDA:133,2,0,1
BRDA:133,2,1,0
BRF:6
BRH:5
end_of_record
TN:
SF:/Users/brucemakallan/Desktop/programming/clients/ugandaswimming/usf/src/utils/renderYoutubePlayer.jsx
FN:4,(anonymous_0)
FNF:1
FNH:0
FNDA:0,(anonymous_0)
DA:4,3
DA:5,0
DA:14,0
LF:3
LH:1
BRF:0
BRH:0
end_of_record
